{"/Users/o.datsiura/.gemini/antigravity-ide/scratch/siem-rule-engine/src/core/algorithms/aho-corasick.ts": {"path":"/Users/o.datsiura/.gemini/antigravity-ide/scratch/siem-rule-engine/src/core/algorithms/aho-corasick.ts","statementMap":{"0":{"start":{"line":3,"column":33},"end":{"line":3,"column":null}},"1":{"start":{"line":13,"column":2},"end":{"line":18,"column":null}},"2":{"start":{"line":27,"column":4},"end":{"line":27,"column":null}},"3":{"start":{"line":28,"column":4},"end":{"line":28,"column":null}},"4":{"start":{"line":29,"column":4},"end":{"line":29,"column":null}},"5":{"start":{"line":33,"column":4},"end":{"line":35,"column":null}},"6":{"start":{"line":34,"column":6},"end":{"line":34,"column":null}},"7":{"start":{"line":36,"column":4},"end":{"line":36,"column":null}},"8":{"start":{"line":37,"column":30},"end":{"line":37,"column":null}},"9":{"start":{"line":38,"column":18},"end":{"line":38,"column":null}},"10":{"start":{"line":40,"column":4},"end":{"line":48,"column":null}},"11":{"start":{"line":40,"column":17},"end":{"line":40,"column":20}},"12":{"start":{"line":41,"column":19},"end":{"line":41,"column":null}},"13":{"start":{"line":42,"column":18},"end":{"line":42,"column":null}},"14":{"start":{"line":43,"column":6},"end":{"line":46,"column":null}},"15":{"start":{"line":44,"column":8},"end":{"line":44,"column":null}},"16":{"start":{"line":45,"column":8},"end":{"line":45,"column":null}},"17":{"start":{"line":47,"column":6},"end":{"line":47,"column":null}},"18":{"start":{"line":50,"column":4},"end":{"line":50,"column":null}},"19":{"start":{"line":54,"column":30},"end":{"line":54,"column":null}},"20":{"start":{"line":56,"column":4},"end":{"line":59,"column":null}},"21":{"start":{"line":57,"column":6},"end":{"line":57,"column":null}},"22":{"start":{"line":58,"column":6},"end":{"line":58,"column":null}},"23":{"start":{"line":61,"column":15},"end":{"line":61,"column":null}},"24":{"start":{"line":62,"column":4},"end":{"line":84,"column":null}},"25":{"start":{"line":63,"column":22},"end":{"line":63,"column":null}},"26":{"start":{"line":64,"column":6},"end":{"line":64,"column":null}},"27":{"start":{"line":66,"column":6},"end":{"line":83,"column":null}},"28":{"start":{"line":67,"column":8},"end":{"line":67,"column":null}},"29":{"start":{"line":69,"column":23},"end":{"line":69,"column":null}},"30":{"start":{"line":70,"column":8},"end":{"line":72,"column":null}},"31":{"start":{"line":71,"column":10},"end":{"line":71,"column":null}},"32":{"start":{"line":74,"column":8},"end":{"line":74,"column":null}},"33":{"start":{"line":76,"column":8},"end":{"line":78,"column":null}},"34":{"start":{"line":77,"column":10},"end":{"line":77,"column":null}},"35":{"start":{"line":80,"column":8},"end":{"line":82,"column":null}},"36":{"start":{"line":81,"column":10},"end":{"line":81,"column":null}},"37":{"start":{"line":86,"column":4},"end":{"line":86,"column":null}},"38":{"start":{"line":90,"column":4},"end":{"line":92,"column":null}},"39":{"start":{"line":91,"column":6},"end":{"line":91,"column":null}},"40":{"start":{"line":94,"column":23},"end":{"line":96,"column":null}},"41":{"start":{"line":98,"column":27},"end":{"line":98,"column":null}},"42":{"start":{"line":99,"column":40},"end":{"line":99,"column":null}},"43":{"start":{"line":100,"column":18},"end":{"line":100,"column":null}},"44":{"start":{"line":102,"column":4},"end":{"line":122,"column":null}},"45":{"start":{"line":102,"column":17},"end":{"line":102,"column":20}},"46":{"start":{"line":103,"column":19},"end":{"line":103,"column":null}},"47":{"start":{"line":105,"column":6},"end":{"line":107,"column":null}},"48":{"start":{"line":106,"column":8},"end":{"line":106,"column":null}},"49":{"start":{"line":109,"column":19},"end":{"line":109,"column":null}},"50":{"start":{"line":110,"column":6},"end":{"line":112,"column":null}},"51":{"start":{"line":111,"column":8},"end":{"line":111,"column":null}},"52":{"start":{"line":114,"column":6},"end":{"line":121,"column":null}},"53":{"start":{"line":115,"column":8},"end":{"line":120,"column":null}},"54":{"start":{"line":116,"column":10},"end":{"line":119,"column":null}},"55":{"start":{"line":124,"column":4},"end":{"line":124,"column":null}},"56":{"start":{"line":128,"column":16},"end":{"line":128,"column":null}},"57":{"start":{"line":129,"column":30},"end":{"line":129,"column":null}},"58":{"start":{"line":130,"column":4},"end":{"line":140,"column":null}},"59":{"start":{"line":131,"column":19},"end":{"line":131,"column":null}},"60":{"start":{"line":132,"column":6},"end":{"line":136,"column":null}},"61":{"start":{"line":133,"column":8},"end":{"line":135,"column":null}},"62":{"start":{"line":134,"column":22},"end":{"line":134,"column":null}},"63":{"start":{"line":137,"column":6},"end":{"line":139,"column":null}},"64":{"start":{"line":138,"column":8},"end":{"line":138,"column":null}},"65":{"start":{"line":141,"column":4},"end":{"line":141,"column":null}},"66":{"start":{"line":145,"column":4},"end":{"line":145,"column":null}}},"fnMap":{"0":{"name":"createTrieNode","decl":{"start":{"line":12,"column":9},"end":{"line":12,"column":24}},"loc":{"start":{"line":12,"column":49},"end":{"line":19,"column":null}},"line":12},"1":{"name":"constructor","decl":{"start":{"line":26,"column":2},"end":{"line":26,"column":14}},"loc":{"start":{"line":26,"column":65},"end":{"line":30,"column":null}},"line":26},"2":{"name":"addPattern","decl":{"start":{"line":32,"column":2},"end":{"line":32,"column":13}},"loc":{"start":{"line":32,"column":36},"end":{"line":51,"column":null}},"line":32},"3":{"name":"build","decl":{"start":{"line":53,"column":2},"end":{"line":53,"column":16}},"loc":{"start":{"line":53,"column":16},"end":{"line":87,"column":null}},"line":53},"4":{"name":"search","decl":{"start":{"line":89,"column":2},"end":{"line":89,"column":9}},"loc":{"start":{"line":89,"column":43},"end":{"line":125,"column":null}},"line":89},"5":{"name":"patternCount","decl":{"start":{"line":127,"column":6},"end":{"line":127,"column":29}},"loc":{"start":{"line":127,"column":29},"end":{"line":142,"column":null}},"line":127},"6":{"name":"(anonymous_6)","decl":{"start":{"line":133,"column":30},"end":{"line":133,"column":null}},"loc":{"start":{"line":134,"column":22},"end":{"line":134,"column":null}},"line":134},"7":{"name":"isBuilt","decl":{"start":{"line":144,"column":6},"end":{"line":144,"column":25}},"loc":{"start":{"line":144,"column":25},"end":{"line":146,"column":null}},"line":144}},"branchMap":{"0":{"loc":{"start":{"line":26,"column":14},"end":{"line":26,"column":65}},"type":"default-arg","locations":[{"start":{"line":26,"column":39},"end":{"line":26,"column":65}}],"line":26},"1":{"loc":{"start":{"line":33,"column":4},"end":{"line":35,"column":null}},"type":"if","locations":[{"start":{"line":33,"column":4},"end":{"line":35,"column":null}},{"start":{},"end":{}}],"line":33},"2":{"loc":{"start":{"line":43,"column":6},"end":{"line":46,"column":null}},"type":"if","locations":[{"start":{"line":43,"column":6},"end":{"line":46,"column":null}},{"start":{},"end":{}}],"line":43},"3":{"loc":{"start":{"line":70,"column":15},"end":{"line":70,"column":66}},"type":"binary-expr","locations":[{"start":{"line":70,"column":15},"end":{"line":70,"column":36}},{"start":{"line":70,"column":36},"end":{"line":70,"column":66}}],"line":70},"4":{"loc":{"start":{"line":74,"column":28},"end":{"line":74,"column":null}},"type":"binary-expr","locations":[{"start":{"line":74,"column":28},"end":{"line":74,"column":60}},{"start":{"line":74,"column":60},"end":{"line":74,"column":null}}],"line":74},"5":{"loc":{"start":{"line":76,"column":8},"end":{"line":78,"column":null}},"type":"if","locations":[{"start":{"line":76,"column":8},"end":{"line":78,"column":null}},{"start":{},"end":{}}],"line":76},"6":{"loc":{"start":{"line":80,"column":8},"end":{"line":82,"column":null}},"type":"if","locations":[{"start":{"line":80,"column":8},"end":{"line":82,"column":null}},{"start":{},"end":{}}],"line":80},"7":{"loc":{"start":{"line":90,"column":4},"end":{"line":92,"column":null}},"type":"if","locations":[{"start":{"line":90,"column":4},"end":{"line":92,"column":null}},{"start":{},"end":{}}],"line":90},"8":{"loc":{"start":{"line":94,"column":23},"end":{"line":96,"column":null}},"type":"cond-expr","locations":[{"start":{"line":95,"column":8},"end":{"line":95,"column":null}},{"start":{"line":96,"column":8},"end":{"line":96,"column":null}}],"line":94},"9":{"loc":{"start":{"line":105,"column":13},"end":{"line":105,"column":67}},"type":"binary-expr","locations":[{"start":{"line":105,"column":13},"end":{"line":105,"column":38}},{"start":{"line":105,"column":38},"end":{"line":105,"column":67}}],"line":105},"10":{"loc":{"start":{"line":106,"column":18},"end":{"line":106,"column":null}},"type":"binary-expr","locations":[{"start":{"line":106,"column":18},"end":{"line":106,"column":41}},{"start":{"line":106,"column":41},"end":{"line":106,"column":null}}],"line":106},"11":{"loc":{"start":{"line":110,"column":6},"end":{"line":112,"column":null}},"type":"if","locations":[{"start":{"line":110,"column":6},"end":{"line":112,"column":null}},{"start":{},"end":{}}],"line":110},"12":{"loc":{"start":{"line":114,"column":6},"end":{"line":121,"column":null}},"type":"if","locations":[{"start":{"line":114,"column":6},"end":{"line":121,"column":null}},{"start":{},"end":{}}],"line":114},"13":{"loc":{"start":{"line":132,"column":6},"end":{"line":136,"column":null}},"type":"if","locations":[{"start":{"line":132,"column":6},"end":{"line":136,"column":null}},{"start":{},"end":{}}],"line":132},"14":{"loc":{"start":{"line":132,"column":10},"end":{"line":132,"column":53}},"type":"binary-expr","locations":[{"start":{"line":132,"column":10},"end":{"line":132,"column":28}},{"start":{"line":132,"column":28},"end":{"line":132,"column":53}}],"line":132},"15":{"loc":{"start":{"line":134,"column":22},"end":{"line":134,"column":null}},"type":"binary-expr","locations":[{"start":{"line":134,"column":22},"end":{"line":134,"column":35}},{"start":{"line":134,"column":35},"end":{"line":134,"column":null}}],"line":134}},"s":{"0":3,"1":158,"2":8,"3":8,"4":8,"5":20,"6":0,"7":20,"8":20,"9":20,"10":20,"11":20,"12":158,"13":158,"14":158,"15":150,"16":150,"17":158,"18":20,"19":8,"20":8,"21":17,"22":17,"23":8,"24":8,"25":150,"26":150,"27":150,"28":133,"29":133,"30":133,"31":124,"32":133,"33":133,"34":0,"35":133,"36":0,"37":8,"38":10008,"39":0,"40":10008,"41":10008,"42":10008,"43":10008,"44":10008,"45":10008,"46":1378436,"47":1378436,"48":370017,"49":1378436,"50":1378436,"51":550066,"52":1378436,"53":20006,"54":20006,"55":10008,"56":0,"57":0,"58":0,"59":0,"60":0,"61":0,"62":0,"63":0,"64":0,"65":0,"66":0},"f":{"0":158,"1":8,"2":20,"3":8,"4":10008,"5":0,"6":0,"7":0},"b":{"0":[8],"1":[0,20],"2":[150,8],"3":[133,156],"4":[133,101],"5":[0,133],"6":[0,133],"7":[0,10008],"8":[1,10007],"9":[1378436,540065],"10":[370017,0],"11":[550066,828370],"12":[20006,1358430],"13":[0,0],"14":[0,0],"15":[0,0]},"meta":{"lastBranch":16,"lastFunction":8,"lastStatement":67,"seen":{"s:3:33:3:Infinity":0,"f:12:9:12:24":0,"s:13:2:18:Infinity":1,"f:26:2:26:14":1,"b:26:39:26:65":0,"s:27:4:27:Infinity":2,"s:28:4:28:Infinity":3,"s:29:4:29:Infinity":4,"f:32:2:32:13":2,"b:33:4:35:Infinity:undefined:undefined:undefined:undefined":1,"s:33:4:35:Infinity":5,"s:34:6:34:Infinity":6,"s:36:4:36:Infinity":7,"s:37:30:37:Infinity":8,"s:38:18:38:Infinity":9,"s:40:4:48:Infinity":10,"s:40:17:40:20":11,"s:41:19:41:Infinity":12,"s:42:18:42:Infinity":13,"b:43:6:46:Infinity:undefined:undefined:undefined:undefined":2,"s:43:6:46:Infinity":14,"s:44:8:44:Infinity":15,"s:45:8:45:Infinity":16,"s:47:6:47:Infinity":17,"s:50:4:50:Infinity":18,"f:53:2:53:16":3,"s:54:30:54:Infinity":19,"s:56:4:59:Infinity":20,"s:57:6:57:Infinity":21,"s:58:6:58:Infinity":22,"s:61:15:61:Infinity":23,"s:62:4:84:Infinity":24,"s:63:22:63:Infinity":25,"s:64:6:64:Infinity":26,"s:66:6:83:Infinity":27,"s:67:8:67:Infinity":28,"s:69:23:69:Infinity":29,"s:70:8:72:Infinity":30,"b:70:15:70:36:70:36:70:66":3,"s:71:10:71:Infinity":31,"s:74:8:74:Infinity":32,"b:74:28:74:60:74:60:74:Infinity":4,"b:76:8:78:Infinity:undefined:undefined:undefined:undefined":5,"s:76:8:78:Infinity":33,"s:77:10:77:Infinity":34,"b:80:8:82:Infinity:undefined:undefined:undefined:undefined":6,"s:80:8:82:Infinity":35,"s:81:10:81:Infinity":36,"s:86:4:86:Infinity":37,"f:89:2:89:9":4,"b:90:4:92:Infinity:undefined:undefined:undefined:undefined":7,"s:90:4:92:Infinity":38,"s:91:6:91:Infinity":39,"s:94:23:96:Infinity":40,"b:95:8:95:Infinity:96:8:96:Infinity":8,"s:98:27:98:Infinity":41,"s:99:40:99:Infinity":42,"s:100:18:100:Infinity":43,"s:102:4:122:Infinity":44,"s:102:17:102:20":45,"s:103:19:103:Infinity":46,"s:105:6:107:Infinity":47,"b:105:13:105:38:105:38:105:67":9,"s:106:8:106:Infinity":48,"b:106:18:106:41:106:41:106:Infinity":10,"s:109:19:109:Infinity":49,"b:110:6:112:Infinity:undefined:undefined:undefined:undefined":11,"s:110:6:112:Infinity":50,"s:111:8:111:Infinity":51,"b:114:6:121:Infinity:undefined:undefined:undefined:undefined":12,"s:114:6:121:Infinity":52,"s:115:8:120:Infinity":53,"s:116:10:119:Infinity":54,"s:124:4:124:Infinity":55,"f:127:6:127:29":5,"s:128:16:128:Infinity":56,"s:129:30:129:Infinity":57,"s:130:4:140:Infinity":58,"s:131:19:131:Infinity":59,"b:132:6:136:Infinity:undefined:undefined:undefined:undefined":13,"s:132:6:136:Infinity":60,"b:132:10:132:28:132:28:132:53":14,"s:133:8:135:Infinity":61,"f:133:30:133:Infinity":6,"s:134:22:134:Infinity":62,"b:134:22:134:35:134:35:134:Infinity":15,"s:137:6:139:Infinity":63,"s:138:8:138:Infinity":64,"s:141:4:141:Infinity":65,"f:144:6:144:25":7,"s:145:4:145:Infinity":66},"fnNames":{}}}
,"/Users/o.datsiura/.gemini/antigravity-ide/scratch/siem-rule-engine/src/core/algorithms/deque.ts": {"path":"/Users/o.datsiura/.gemini/antigravity-ide/scratch/siem-rule-engine/src/core/algorithms/deque.ts","statementMap":{"0":{"start":{"line":1,"column":33},"end":{"line":1,"column":null}},"1":{"start":{"line":11,"column":21},"end":{"line":11,"column":null}},"2":{"start":{"line":12,"column":4},"end":{"line":12,"column":null}},"3":{"start":{"line":13,"column":4},"end":{"line":13,"column":null}},"4":{"start":{"line":14,"column":4},"end":{"line":14,"column":null}},"5":{"start":{"line":15,"column":4},"end":{"line":15,"column":null}},"6":{"start":{"line":16,"column":4},"end":{"line":16,"column":null}},"7":{"start":{"line":20,"column":4},"end":{"line":20,"column":null}},"8":{"start":{"line":24,"column":4},"end":{"line":24,"column":null}},"9":{"start":{"line":28,"column":4},"end":{"line":28,"column":null}},"10":{"start":{"line":32,"column":4},"end":{"line":34,"column":null}},"11":{"start":{"line":33,"column":6},"end":{"line":33,"column":null}},"12":{"start":{"line":35,"column":4},"end":{"line":35,"column":null}},"13":{"start":{"line":36,"column":4},"end":{"line":36,"column":null}},"14":{"start":{"line":37,"column":4},"end":{"line":37,"column":null}},"15":{"start":{"line":41,"column":4},"end":{"line":43,"column":null}},"16":{"start":{"line":42,"column":6},"end":{"line":42,"column":null}},"17":{"start":{"line":44,"column":4},"end":{"line":44,"column":null}},"18":{"start":{"line":45,"column":4},"end":{"line":45,"column":null}},"19":{"start":{"line":46,"column":4},"end":{"line":46,"column":null}},"20":{"start":{"line":50,"column":4},"end":{"line":52,"column":null}},"21":{"start":{"line":51,"column":6},"end":{"line":51,"column":null}},"22":{"start":{"line":53,"column":4},"end":{"line":53,"column":null}},"23":{"start":{"line":54,"column":17},"end":{"line":54,"column":null}},"24":{"start":{"line":55,"column":4},"end":{"line":55,"column":null}},"25":{"start":{"line":56,"column":4},"end":{"line":56,"column":null}},"26":{"start":{"line":57,"column":4},"end":{"line":57,"column":null}},"27":{"start":{"line":61,"column":4},"end":{"line":63,"column":null}},"28":{"start":{"line":62,"column":6},"end":{"line":62,"column":null}},"29":{"start":{"line":64,"column":17},"end":{"line":64,"column":null}},"30":{"start":{"line":65,"column":4},"end":{"line":65,"column":null}},"31":{"start":{"line":66,"column":4},"end":{"line":66,"column":null}},"32":{"start":{"line":67,"column":4},"end":{"line":67,"column":null}},"33":{"start":{"line":68,"column":4},"end":{"line":68,"column":null}},"34":{"start":{"line":72,"column":4},"end":{"line":74,"column":null}},"35":{"start":{"line":73,"column":6},"end":{"line":73,"column":null}},"36":{"start":{"line":75,"column":4},"end":{"line":75,"column":null}},"37":{"start":{"line":79,"column":4},"end":{"line":81,"column":null}},"38":{"start":{"line":80,"column":6},"end":{"line":80,"column":null}},"39":{"start":{"line":82,"column":10},"end":{"line":82,"column":null}},"40":{"start":{"line":83,"column":4},"end":{"line":83,"column":null}},"41":{"start":{"line":87,"column":4},"end":{"line":89,"column":null}},"42":{"start":{"line":88,"column":6},"end":{"line":88,"column":null}},"43":{"start":{"line":90,"column":4},"end":{"line":90,"column":null}},"44":{"start":{"line":94,"column":4},"end":{"line":94,"column":null}},"45":{"start":{"line":95,"column":4},"end":{"line":95,"column":null}},"46":{"start":{"line":96,"column":4},"end":{"line":96,"column":null}},"47":{"start":{"line":97,"column":4},"end":{"line":97,"column":null}},"48":{"start":{"line":101,"column":24},"end":{"line":101,"column":null}},"49":{"start":{"line":102,"column":4},"end":{"line":107,"column":null}},"50":{"start":{"line":102,"column":17},"end":{"line":102,"column":20}},"51":{"start":{"line":103,"column":19},"end":{"line":103,"column":null}},"52":{"start":{"line":104,"column":6},"end":{"line":106,"column":null}},"53":{"start":{"line":105,"column":8},"end":{"line":105,"column":null}},"54":{"start":{"line":108,"column":4},"end":{"line":108,"column":null}},"55":{"start":{"line":112,"column":22},"end":{"line":112,"column":null}},"56":{"start":{"line":113,"column":4},"end":{"line":115,"column":null}},"57":{"start":{"line":113,"column":17},"end":{"line":113,"column":20}},"58":{"start":{"line":114,"column":6},"end":{"line":114,"column":null}},"59":{"start":{"line":116,"column":4},"end":{"line":116,"column":null}},"60":{"start":{"line":117,"column":4},"end":{"line":117,"column":null}},"61":{"start":{"line":118,"column":4},"end":{"line":118,"column":null}}},"fnMap":{"0":{"name":"constructor","decl":{"start":{"line":10,"column":2},"end":{"line":10,"column":14}},"loc":{"start":{"line":10,"column":66},"end":{"line":17,"column":null}},"line":10},"1":{"name":"size","decl":{"start":{"line":19,"column":6},"end":{"line":19,"column":21}},"loc":{"start":{"line":19,"column":21},"end":{"line":21,"column":null}},"line":19},"2":{"name":"isEmpty","decl":{"start":{"line":23,"column":6},"end":{"line":23,"column":25}},"loc":{"start":{"line":23,"column":25},"end":{"line":25,"column":null}},"line":23},"3":{"name":"capacity","decl":{"start":{"line":27,"column":6},"end":{"line":27,"column":25}},"loc":{"start":{"line":27,"column":25},"end":{"line":29,"column":null}},"line":27},"4":{"name":"pushBack","decl":{"start":{"line":31,"column":2},"end":{"line":31,"column":11}},"loc":{"start":{"line":31,"column":26},"end":{"line":38,"column":null}},"line":31},"5":{"name":"pushFront","decl":{"start":{"line":40,"column":2},"end":{"line":40,"column":12}},"loc":{"start":{"line":40,"column":27},"end":{"line":47,"column":null}},"line":40},"6":{"name":"popBack","decl":{"start":{"line":49,"column":2},"end":{"line":49,"column":27}},"loc":{"start":{"line":49,"column":27},"end":{"line":58,"column":null}},"line":49},"7":{"name":"popFront","decl":{"start":{"line":60,"column":2},"end":{"line":60,"column":28}},"loc":{"start":{"line":60,"column":28},"end":{"line":69,"column":null}},"line":60},"8":{"name":"peekFront","decl":{"start":{"line":71,"column":2},"end":{"line":71,"column":29}},"loc":{"start":{"line":71,"column":29},"end":{"line":76,"column":null}},"line":71},"9":{"name":"peekBack","decl":{"start":{"line":78,"column":2},"end":{"line":78,"column":28}},"loc":{"start":{"line":78,"column":28},"end":{"line":84,"column":null}},"line":78},"10":{"name":"at","decl":{"start":{"line":86,"column":2},"end":{"line":86,"column":5}},"loc":{"start":{"line":86,"column":35},"end":{"line":91,"column":null}},"line":86},"11":{"name":"clear","decl":{"start":{"line":93,"column":2},"end":{"line":93,"column":16}},"loc":{"start":{"line":93,"column":16},"end":{"line":98,"column":null}},"line":93},"12":{"name":"toArray","decl":{"start":{"line":100,"column":2},"end":{"line":100,"column":17}},"loc":{"start":{"line":100,"column":17},"end":{"line":109,"column":null}},"line":100},"13":{"name":"resize","decl":{"start":{"line":111,"column":2},"end":{"line":111,"column":10}},"loc":{"start":{"line":111,"column":44},"end":{"line":119,"column":null}},"line":111}},"branchMap":{"0":{"loc":{"start":{"line":10,"column":14},"end":{"line":10,"column":66}},"type":"default-arg","locations":[{"start":{"line":10,"column":40},"end":{"line":10,"column":66}}],"line":10},"1":{"loc":{"start":{"line":32,"column":4},"end":{"line":34,"column":null}},"type":"if","locations":[{"start":{"line":32,"column":4},"end":{"line":34,"column":null}},{"start":{},"end":{}}],"line":32},"2":{"loc":{"start":{"line":41,"column":4},"end":{"line":43,"column":null}},"type":"if","locations":[{"start":{"line":41,"column":4},"end":{"line":43,"column":null}},{"start":{},"end":{}}],"line":41},"3":{"loc":{"start":{"line":50,"column":4},"end":{"line":52,"column":null}},"type":"if","locations":[{"start":{"line":50,"column":4},"end":{"line":52,"column":null}},{"start":{},"end":{}}],"line":50},"4":{"loc":{"start":{"line":61,"column":4},"end":{"line":63,"column":null}},"type":"if","locations":[{"start":{"line":61,"column":4},"end":{"line":63,"column":null}},{"start":{},"end":{}}],"line":61},"5":{"loc":{"start":{"line":72,"column":4},"end":{"line":74,"column":null}},"type":"if","locations":[{"start":{"line":72,"column":4},"end":{"line":74,"column":null}},{"start":{},"end":{}}],"line":72},"6":{"loc":{"start":{"line":79,"column":4},"end":{"line":81,"column":null}},"type":"if","locations":[{"start":{"line":79,"column":4},"end":{"line":81,"column":null}},{"start":{},"end":{}}],"line":79},"7":{"loc":{"start":{"line":87,"column":4},"end":{"line":89,"column":null}},"type":"if","locations":[{"start":{"line":87,"column":4},"end":{"line":89,"column":null}},{"start":{},"end":{}}],"line":87},"8":{"loc":{"start":{"line":87,"column":8},"end":{"line":87,"column":42}},"type":"binary-expr","locations":[{"start":{"line":87,"column":8},"end":{"line":87,"column":21}},{"start":{"line":87,"column":21},"end":{"line":87,"column":42}}],"line":87},"9":{"loc":{"start":{"line":104,"column":6},"end":{"line":106,"column":null}},"type":"if","locations":[{"start":{"line":104,"column":6},"end":{"line":106,"column":null}},{"start":{},"end":{}}],"line":104}},"s":{"0":3,"1":6,"2":6,"3":6,"4":6,"5":6,"6":6,"7":11,"8":5,"9":0,"10":101011,"11":19,"12":101011,"13":101011,"14":101011,"15":0,"16":0,"17":0,"18":0,"19":0,"20":1,"21":1,"22":0,"23":0,"24":0,"25":0,"26":0,"27":101009,"28":1,"29":101008,"30":101008,"31":101008,"32":101008,"33":101008,"34":5,"35":1,"36":4,"37":2,"38":1,"39":1,"40":1,"41":0,"42":0,"43":0,"44":1,"45":1,"46":1,"47":1,"48":0,"49":0,"50":0,"51":0,"52":0,"53":0,"54":0,"55":19,"56":19,"57":19,"58":132028,"59":19,"60":19,"61":19},"f":{"0":6,"1":11,"2":5,"3":0,"4":101011,"5":0,"6":1,"7":101009,"8":5,"9":2,"10":0,"11":1,"12":0,"13":19},"b":{"0":[6],"1":[19,100992],"2":[0,0],"3":[1,0],"4":[1,101008],"5":[1,4],"6":[1,1],"7":[0,0],"8":[0,0],"9":[0,0]},"meta":{"lastBranch":10,"lastFunction":14,"lastStatement":62,"seen":{"s:1:33:1:Infinity":0,"f:10:2:10:14":0,"b:10:40:10:66":0,"s:11:21:11:Infinity":1,"s:12:4:12:Infinity":2,"s:13:4:13:Infinity":3,"s:14:4:14:Infinity":4,"s:15:4:15:Infinity":5,"s:16:4:16:Infinity":6,"f:19:6:19:21":1,"s:20:4:20:Infinity":7,"f:23:6:23:25":2,"s:24:4:24:Infinity":8,"f:27:6:27:25":3,"s:28:4:28:Infinity":9,"f:31:2:31:11":4,"b:32:4:34:Infinity:undefined:undefined:undefined:undefined":1,"s:32:4:34:Infinity":10,"s:33:6:33:Infinity":11,"s:35:4:35:Infinity":12,"s:36:4:36:Infinity":13,"s:37:4:37:Infinity":14,"f:40:2:40:12":5,"b:41:4:43:Infinity:undefined:undefined:undefined:undefined":2,"s:41:4:43:Infinity":15,"s:42:6:42:Infinity":16,"s:44:4:44:Infinity":17,"s:45:4:45:Infinity":18,"s:46:4:46:Infinity":19,"f:49:2:49:27":6,"b:50:4:52:Infinity:undefined:undefined:undefined:undefined":3,"s:50:4:52:Infinity":20,"s:51:6:51:Infinity":21,"s:53:4:53:Infinity":22,"s:54:17:54:Infinity":23,"s:55:4:55:Infinity":24,"s:56:4:56:Infinity":25,"s:57:4:57:Infinity":26,"f:60:2:60:28":7,"b:61:4:63:Infinity:undefined:undefined:undefined:undefined":4,"s:61:4:63:Infinity":27,"s:62:6:62:Infinity":28,"s:64:17:64:Infinity":29,"s:65:4:65:Infinity":30,"s:66:4:66:Infinity":31,"s:67:4:67:Infinity":32,"s:68:4:68:Infinity":33,"f:71:2:71:29":8,"b:72:4:74:Infinity:undefined:undefined:undefined:undefined":5,"s:72:4:74:Infinity":34,"s:73:6:73:Infinity":35,"s:75:4:75:Infinity":36,"f:78:2:78:28":9,"b:79:4:81:Infinity:undefined:undefined:undefined:undefined":6,"s:79:4:81:Infinity":37,"s:80:6:80:Infinity":38,"s:82:10:82:Infinity":39,"s:83:4:83:Infinity":40,"f:86:2:86:5":10,"b:87:4:89:Infinity:undefined:undefined:undefined:undefined":7,"s:87:4:89:Infinity":41,"b:87:8:87:21:87:21:87:42":8,"s:88:6:88:Infinity":42,"s:90:4:90:Infinity":43,"f:93:2:93:16":11,"s:94:4:94:Infinity":44,"s:95:4:95:Infinity":45,"s:96:4:96:Infinity":46,"s:97:4:97:Infinity":47,"f:100:2:100:17":12,"s:101:24:101:Infinity":48,"s:102:4:107:Infinity":49,"s:102:17:102:20":50,"s:103:19:103:Infinity":51,"b:104:6:106:Infinity:undefined:undefined:undefined:undefined":9,"s:104:6:106:Infinity":52,"s:105:8:105:Infinity":53,"s:108:4:108:Infinity":54,"f:111:2:111:10":13,"s:112:22:112:Infinity":55,"s:113:4:115:Infinity":56,"s:113:17:113:20":57,"s:114:6:114:Infinity":58,"s:116:4:116:Infinity":59,"s:117:4:117:Infinity":60,"s:118:4:118:Infinity":61},"fnNames":{}}}
,"/Users/o.datsiura/.gemini/antigravity-ide/scratch/siem-rule-engine/src/core/domain/enums.ts": {"path":"/Users/o.datsiura/.gemini/antigravity-ide/scratch/siem-rule-engine/src/core/domain/enums.ts","statementMap":{"0":{"start":{"line":1,"column":7},"end":{"line":7,"column":null}},"1":{"start":{"line":2,"column":2},"end":{"line":2,"column":null}},"2":{"start":{"line":3,"column":2},"end":{"line":3,"column":null}},"3":{"start":{"line":4,"column":2},"end":{"line":4,"column":null}},"4":{"start":{"line":5,"column":2},"end":{"line":5,"column":null}},"5":{"start":{"line":6,"column":2},"end":{"line":6,"column":null}},"6":{"start":{"line":9,"column":7},"end":{"line":15,"column":null}},"7":{"start":{"line":10,"column":2},"end":{"line":10,"column":null}},"8":{"start":{"line":11,"column":2},"end":{"line":11,"column":null}},"9":{"start":{"line":12,"column":2},"end":{"line":12,"column":null}},"10":{"start":{"line":13,"column":2},"end":{"line":13,"column":null}},"11":{"start":{"line":14,"column":2},"end":{"line":14,"column":null}},"12":{"start":{"line":17,"column":7},"end":{"line":24,"column":null}},"13":{"start":{"line":18,"column":2},"end":{"line":18,"column":null}},"14":{"start":{"line":19,"column":2},"end":{"line":19,"column":null}},"15":{"start":{"line":20,"column":2},"end":{"line":20,"column":null}},"16":{"start":{"line":21,"column":2},"end":{"line":21,"column":null}},"17":{"start":{"line":22,"column":2},"end":{"line":22,"column":null}},"18":{"start":{"line":23,"column":2},"end":{"line":23,"column":null}},"19":{"start":{"line":26,"column":7},"end":{"line":30,"column":null}},"20":{"start":{"line":27,"column":2},"end":{"line":27,"column":null}},"21":{"start":{"line":28,"column":2},"end":{"line":28,"column":null}},"22":{"start":{"line":29,"column":2},"end":{"line":29,"column":null}},"23":{"start":{"line":32,"column":7},"end":{"line":38,"column":null}},"24":{"start":{"line":33,"column":2},"end":{"line":33,"column":null}},"25":{"start":{"line":34,"column":2},"end":{"line":34,"column":null}},"26":{"start":{"line":35,"column":2},"end":{"line":35,"column":null}},"27":{"start":{"line":36,"column":2},"end":{"line":36,"column":null}},"28":{"start":{"line":37,"column":2},"end":{"line":37,"column":null}}},"fnMap":{"0":{"name":"(anonymous_0)","decl":{"start":{"line":1,"column":7},"end":{"line":1,"column":12}},"loc":{"start":{"line":1,"column":7},"end":{"line":7,"column":null}},"line":1},"1":{"name":"(anonymous_1)","decl":{"start":{"line":9,"column":7},"end":{"line":9,"column":12}},"loc":{"start":{"line":9,"column":7},"end":{"line":15,"column":null}},"line":9},"2":{"name":"(anonymous_2)","decl":{"start":{"line":17,"column":7},"end":{"line":17,"column":12}},"loc":{"start":{"line":17,"column":7},"end":{"line":24,"column":null}},"line":17},"3":{"name":"(anonymous_3)","decl":{"start":{"line":26,"column":7},"end":{"line":26,"column":12}},"loc":{"start":{"line":26,"column":7},"end":{"line":30,"column":null}},"line":26},"4":{"name":"(anonymous_4)","decl":{"start":{"line":32,"column":7},"end":{"line":32,"column":12}},"loc":{"start":{"line":32,"column":7},"end":{"line":38,"column":null}},"line":32}},"branchMap":{},"s":{"0":2,"1":2,"2":2,"3":2,"4":2,"5":2,"6":2,"7":2,"8":2,"9":2,"10":2,"11":2,"12":2,"13":2,"14":2,"15":2,"16":2,"17":2,"18":2,"19":2,"20":2,"21":2,"22":2,"23":2,"24":2,"25":2,"26":2,"27":2,"28":2},"f":{"0":2,"1":2,"2":2,"3":2,"4":2},"b":{},"meta":{"lastBranch":0,"lastFunction":5,"lastStatement":29,"seen":{"s:1:7:7:Infinity":0,"f:1:7:1:12":0,"s:2:2:2:Infinity":1,"s:3:2:3:Infinity":2,"s:4:2:4:Infinity":3,"s:5:2:5:Infinity":4,"s:6:2:6:Infinity":5,"s:9:7:15:Infinity":6,"f:9:7:9:12":1,"s:10:2:10:Infinity":7,"s:11:2:11:Infinity":8,"s:12:2:12:Infinity":9,"s:13:2:13:Infinity":10,"s:14:2:14:Infinity":11,"s:17:7:24:Infinity":12,"f:17:7:17:12":2,"s:18:2:18:Infinity":13,"s:19:2:19:Infinity":14,"s:20:2:20:Infinity":15,"s:21:2:21:Infinity":16,"s:22:2:22:Infinity":17,"s:23:2:23:Infinity":18,"s:26:7:30:Infinity":19,"f:26:7:26:12":3,"s:27:2:27:Infinity":20,"s:28:2:28:Infinity":21,"s:29:2:29:Infinity":22,"s:32:7:38:Infinity":23,"f:32:7:32:12":4,"s:33:2:33:Infinity":24,"s:34:2:34:Infinity":25,"s:35:2:35:Infinity":26,"s:36:2:36:Infinity":27,"s:37:2:37:Infinity":28},"fnNames":{}}}
,"/Users/o.datsiura/.gemini/antigravity-ide/scratch/siem-rule-engine/src/core/domain/mitre-catalog.ts": {"path":"/Users/o.datsiura/.gemini/antigravity-ide/scratch/siem-rule-engine/src/core/domain/mitre-catalog.ts","statementMap":{"0":{"start":{"line":4,"column":73},"end":{"line":41,"column":null}},"1":{"start":{"line":44,"column":2},"end":{"line":44,"column":null}},"2":{"start":{"line":48,"column":15},"end":{"line":48,"column":null}},"3":{"start":{"line":49,"column":34},"end":{"line":49,"column":null}},"4":{"start":{"line":50,"column":2},"end":{"line":55,"column":null}},"5":{"start":{"line":51,"column":4},"end":{"line":54,"column":null}},"6":{"start":{"line":52,"column":6},"end":{"line":52,"column":null}},"7":{"start":{"line":53,"column":6},"end":{"line":53,"column":null}},"8":{"start":{"line":56,"column":2},"end":{"line":56,"column":null}}},"fnMap":{"0":{"name":"getMitreRef","decl":{"start":{"line":43,"column":16},"end":{"line":43,"column":28}},"loc":{"start":{"line":43,"column":71},"end":{"line":45,"column":null}},"line":43},"1":{"name":"getAllMitreRefs","decl":{"start":{"line":47,"column":16},"end":{"line":47,"column":62}},"loc":{"start":{"line":47,"column":62},"end":{"line":57,"column":null}},"line":47}},"branchMap":{"0":{"loc":{"start":{"line":51,"column":4},"end":{"line":54,"column":null}},"type":"if","locations":[{"start":{"line":51,"column":4},"end":{"line":54,"column":null}},{"start":{},"end":{}}],"line":51}},"s":{"0":1,"1":2,"2":0,"3":0,"4":0,"5":0,"6":0,"7":0,"8":0},"f":{"0":2,"1":0},"b":{"0":[0,0]},"meta":{"lastBranch":1,"lastFunction":2,"lastStatement":9,"seen":{"s:4:73:41:Infinity":0,"f:43:16:43:28":0,"s:44:2:44:Infinity":1,"f:47:16:47:62":1,"s:48:15:48:Infinity":2,"s:49:34:49:Infinity":3,"s:50:2:55:Infinity":4,"b:51:4:54:Infinity:undefined:undefined:undefined:undefined":0,"s:51:4:54:Infinity":5,"s:52:6:52:Infinity":6,"s:53:6:53:Infinity":7,"s:56:2:56:Infinity":8},"fnNames":{}}}
,"/Users/o.datsiura/.gemini/antigravity-ide/scratch/siem-rule-engine/src/core/pipeline/ansi-sanitizer-handler.ts": {"path":"/Users/o.datsiura/.gemini/antigravity-ide/scratch/siem-rule-engine/src/core/pipeline/ansi-sanitizer-handler.ts","statementMap":{"0":{"start":{"line":4,"column":28},"end":{"line":4,"column":null}},"1":{"start":{"line":5,"column":29},"end":{"line":5,"column":null}},"2":{"start":{"line":9,"column":20},"end":{"line":11,"column":null}},"3":{"start":{"line":13,"column":4},"end":{"line":16,"column":null}}},"fnMap":{"0":{"name":"process","decl":{"start":{"line":8,"column":2},"end":{"line":8,"column":12}},"loc":{"start":{"line":8,"column":53},"end":{"line":17,"column":null}},"line":8}},"branchMap":{},"s":{"0":1,"1":1,"2":4,"3":4},"f":{"0":4},"b":{},"meta":{"lastBranch":0,"lastFunction":1,"lastStatement":4,"seen":{"s:4:28:4:Infinity":0,"s:5:29:5:Infinity":1,"f:8:2:8:12":0,"s:9:20:11:Infinity":2,"s:13:4:16:Infinity":3},"fnNames":{}}}
,"/Users/o.datsiura/.gemini/antigravity-ide/scratch/siem-rule-engine/src/core/pipeline/format-router.ts": {"path":"/Users/o.datsiura/.gemini/antigravity-ide/scratch/siem-rule-engine/src/core/pipeline/format-router.ts","statementMap":{"0":{"start":{"line":5,"column":16},"end":{"line":5,"column":null}},"1":{"start":{"line":7,"column":2},"end":{"line":7,"column":null}},"2":{"start":{"line":8,"column":2},"end":{"line":8,"column":null}},"3":{"start":{"line":12,"column":2},"end":{"line":12,"column":null}},"4":{"start":{"line":15,"column":2},"end":{"line":15,"column":null}},"5":{"start":{"line":18,"column":2},"end":{"line":18,"column":null}},"6":{"start":{"line":20,"column":24},"end":{"line":20,"column":null}},"7":{"start":{"line":23,"column":2},"end":{"line":30,"column":null}},"8":{"start":{"line":24,"column":4},"end":{"line":29,"column":null}},"9":{"start":{"line":25,"column":6},"end":{"line":25,"column":null}},"10":{"start":{"line":26,"column":6},"end":{"line":26,"column":null}},"11":{"start":{"line":32,"column":2},"end":{"line":34,"column":null}},"12":{"start":{"line":33,"column":4},"end":{"line":33,"column":null}},"13":{"start":{"line":36,"column":2},"end":{"line":38,"column":null}},"14":{"start":{"line":37,"column":4},"end":{"line":37,"column":null}},"15":{"start":{"line":40,"column":2},"end":{"line":42,"column":null}},"16":{"start":{"line":41,"column":4},"end":{"line":41,"column":null}},"17":{"start":{"line":44,"column":2},"end":{"line":44,"column":null}},"18":{"start":{"line":48,"column":22},"end":{"line":48,"column":null}},"19":{"start":{"line":49,"column":17},"end":{"line":49,"column":null}},"20":{"start":{"line":50,"column":2},"end":{"line":50,"column":null}},"21":{"start":{"line":54,"column":16},"end":{"line":54,"column":null}},"22":{"start":{"line":55,"column":2},"end":{"line":61,"column":null}},"23":{"start":{"line":60,"column":4},"end":{"line":60,"column":null}},"24":{"start":{"line":62,"column":2},"end":{"line":70,"column":null}},"25":{"start":{"line":69,"column":4},"end":{"line":69,"column":null}},"26":{"start":{"line":71,"column":2},"end":{"line":73,"column":null}},"27":{"start":{"line":72,"column":4},"end":{"line":72,"column":null}},"28":{"start":{"line":74,"column":2},"end":{"line":76,"column":null}},"29":{"start":{"line":75,"column":4},"end":{"line":75,"column":null}},"30":{"start":{"line":77,"column":2},"end":{"line":77,"column":null}},"31":{"start":{"line":81,"column":2},"end":{"line":81,"column":null}},"32":{"start":{"line":81,"column":25},"end":{"line":81,"column":null}},"33":{"start":{"line":82,"column":2},"end":{"line":82,"column":null}},"34":{"start":{"line":82,"column":25},"end":{"line":82,"column":null}},"35":{"start":{"line":83,"column":2},"end":{"line":83,"column":null}},"36":{"start":{"line":83,"column":25},"end":{"line":83,"column":null}},"37":{"start":{"line":84,"column":2},"end":{"line":84,"column":null}},"38":{"start":{"line":91,"column":2},"end":{"line":133,"column":null}},"39":{"start":{"line":92,"column":28},"end":{"line":92,"column":null}},"40":{"start":{"line":93,"column":4},"end":{"line":95,"column":null}},"41":{"start":{"line":94,"column":6},"end":{"line":94,"column":null}},"42":{"start":{"line":96,"column":16},"end":{"line":96,"column":null}},"43":{"start":{"line":98,"column":20},"end":{"line":98,"column":null}},"44":{"start":{"line":100,"column":6},"end":{"line":104,"column":null}},"45":{"start":{"line":106,"column":4},"end":{"line":130,"column":null}},"46":{"start":{"line":132,"column":4},"end":{"line":132,"column":null}},"47":{"start":{"line":140,"column":16},"end":{"line":140,"column":null}},"48":{"start":{"line":141,"column":2},"end":{"line":141,"column":null}},"49":{"start":{"line":141,"column":14},"end":{"line":141,"column":null}},"50":{"start":{"line":143,"column":19},"end":{"line":143,"column":null}},"51":{"start":{"line":144,"column":23},"end":{"line":144,"column":null}},"52":{"start":{"line":145,"column":17},"end":{"line":145,"column":null}},"53":{"start":{"line":146,"column":15},"end":{"line":146,"column":null}},"54":{"start":{"line":147,"column":20},"end":{"line":147,"column":null}},"55":{"start":{"line":148,"column":20},"end":{"line":148,"column":null}},"56":{"start":{"line":150,"column":21},"end":{"line":150,"column":null}},"57":{"start":{"line":151,"column":20},"end":{"line":153,"column":null}},"58":{"start":{"line":155,"column":2},"end":{"line":169,"column":null}},"59":{"start":{"line":176,"column":16},"end":{"line":176,"column":null}},"60":{"start":{"line":177,"column":2},"end":{"line":177,"column":null}},"61":{"start":{"line":177,"column":14},"end":{"line":177,"column":null}},"62":{"start":{"line":179,"column":23},"end":{"line":179,"column":null}},"63":{"start":{"line":180,"column":19},"end":{"line":180,"column":null}},"64":{"start":{"line":181,"column":18},"end":{"line":181,"column":null}},"65":{"start":{"line":183,"column":18},"end":{"line":183,"column":null}},"66":{"start":{"line":184,"column":19},"end":{"line":184,"column":null}},"67":{"start":{"line":186,"column":2},"end":{"line":196,"column":null}},"68":{"start":{"line":203,"column":16},"end":{"line":203,"column":null}},"69":{"start":{"line":204,"column":2},"end":{"line":204,"column":null}},"70":{"start":{"line":204,"column":14},"end":{"line":204,"column":null}},"71":{"start":{"line":206,"column":23},"end":{"line":206,"column":null}},"72":{"start":{"line":207,"column":19},"end":{"line":207,"column":null}},"73":{"start":{"line":208,"column":18},"end":{"line":208,"column":null}},"74":{"start":{"line":209,"column":18},"end":{"line":209,"column":null}},"75":{"start":{"line":211,"column":18},"end":{"line":211,"column":null}},"76":{"start":{"line":212,"column":19},"end":{"line":212,"column":null}},"77":{"start":{"line":214,"column":2},"end":{"line":224,"column":null}},"78":{"start":{"line":228,"column":2},"end":{"line":237,"column":null}},"79":{"start":{"line":242,"column":4},"end":{"line":242,"column":null}},"80":{"start":{"line":246,"column":19},"end":{"line":246,"column":null}},"81":{"start":{"line":248,"column":4},"end":{"line":267,"column":null}},"82":{"start":{"line":250,"column":22},"end":{"line":250,"column":null}},"83":{"start":{"line":251,"column":8},"end":{"line":251,"column":null}},"84":{"start":{"line":254,"column":22},"end":{"line":254,"column":null}},"85":{"start":{"line":255,"column":8},"end":{"line":255,"column":null}},"86":{"start":{"line":258,"column":22},"end":{"line":258,"column":null}},"87":{"start":{"line":259,"column":8},"end":{"line":259,"column":null}},"88":{"start":{"line":262,"column":22},"end":{"line":262,"column":null}},"89":{"start":{"line":263,"column":8},"end":{"line":263,"column":null}},"90":{"start":{"line":266,"column":8},"end":{"line":266,"column":null}}},"fnMap":{"0":{"name":"generateId","decl":{"start":{"line":6,"column":9},"end":{"line":6,"column":30}},"loc":{"start":{"line":6,"column":30},"end":{"line":9,"column":null}},"line":6},"1":{"name":"detectFormat","decl":{"start":{"line":22,"column":9},"end":{"line":22,"column":22}},"loc":{"start":{"line":22,"column":47},"end":{"line":45,"column":null}},"line":22},"2":{"name":"parseSyslogTimestamp","decl":{"start":{"line":47,"column":9},"end":{"line":47,"column":30}},"loc":{"start":{"line":47,"column":51},"end":{"line":51,"column":null}},"line":47},"3":{"name":"inferSeverityFromMessage","decl":{"start":{"line":53,"column":9},"end":{"line":53,"column":34}},"loc":{"start":{"line":53,"column":61},"end":{"line":78,"column":null}},"line":53},"4":{"name":"inferSeverityFromStatus","decl":{"start":{"line":80,"column":9},"end":{"line":80,"column":33}},"loc":{"start":{"line":80,"column":63},"end":{"line":85,"column":null}},"line":80},"5":{"name":"extractJsonEntry","decl":{"start":{"line":87,"column":9},"end":{"line":87,"column":null}},"loc":{"start":{"line":90,"column":20},"end":{"line":134,"column":null}},"line":90},"6":{"name":"extractNginxEntry","decl":{"start":{"line":136,"column":9},"end":{"line":136,"column":null}},"loc":{"start":{"line":139,"column":20},"end":{"line":170,"column":null}},"line":139},"7":{"name":"extractAuthLogEntry","decl":{"start":{"line":172,"column":9},"end":{"line":172,"column":null}},"loc":{"start":{"line":175,"column":20},"end":{"line":197,"column":null}},"line":175},"8":{"name":"extractSyslogEntry","decl":{"start":{"line":199,"column":9},"end":{"line":199,"column":null}},"loc":{"start":{"line":202,"column":20},"end":{"line":225,"column":null}},"line":202},"9":{"name":"extractUnknownEntry","decl":{"start":{"line":227,"column":9},"end":{"line":227,"column":29}},"loc":{"start":{"line":227,"column":63},"end":{"line":238,"column":null}},"line":227},"10":{"name":"process","decl":{"start":{"line":241,"column":2},"end":{"line":241,"column":12}},"loc":{"start":{"line":241,"column":60},"end":{"line":243,"column":null}},"line":241},"11":{"name":"extractEntry","decl":{"start":{"line":245,"column":2},"end":{"line":245,"column":15}},"loc":{"start":{"line":245,"column":46},"end":{"line":268,"column":null}},"line":245}},"branchMap":{"0":{"loc":{"start":{"line":23,"column":2},"end":{"line":30,"column":null}},"type":"if","locations":[{"start":{"line":23,"column":2},"end":{"line":30,"column":null}},{"start":{},"end":{}}],"line":23},"1":{"loc":{"start":{"line":23,"column":6},"end":{"line":23,"column":42}},"type":"binary-expr","locations":[{"start":{"line":23,"column":6},"end":{"line":23,"column":25}},{"start":{"line":23,"column":25},"end":{"line":23,"column":42}}],"line":23},"2":{"loc":{"start":{"line":32,"column":2},"end":{"line":34,"column":null}},"type":"if","locations":[{"start":{"line":32,"column":2},"end":{"line":34,"column":null}},{"start":{},"end":{}}],"line":32},"3":{"loc":{"start":{"line":36,"column":2},"end":{"line":38,"column":null}},"type":"if","locations":[{"start":{"line":36,"column":2},"end":{"line":38,"column":null}},{"start":{},"end":{}}],"line":36},"4":{"loc":{"start":{"line":40,"column":2},"end":{"line":42,"column":null}},"type":"if","locations":[{"start":{"line":40,"column":2},"end":{"line":42,"column":null}},{"start":{},"end":{}}],"line":40},"5":{"loc":{"start":{"line":50,"column":9},"end":{"line":50,"column":null}},"type":"cond-expr","locations":[{"start":{"line":50,"column":32},"end":{"line":50,"column":45}},{"start":{"line":50,"column":45},"end":{"line":50,"column":null}}],"line":50},"6":{"loc":{"start":{"line":55,"column":2},"end":{"line":61,"column":null}},"type":"if","locations":[{"start":{"line":55,"column":2},"end":{"line":61,"column":null}},{"start":{},"end":{}}],"line":55},"7":{"loc":{"start":{"line":56,"column":4},"end":{"line":58,"column":null}},"type":"binary-expr","locations":[{"start":{"line":56,"column":4},"end":{"line":56,"column":null}},{"start":{"line":57,"column":4},"end":{"line":57,"column":null}},{"start":{"line":58,"column":4},"end":{"line":58,"column":null}}],"line":56},"8":{"loc":{"start":{"line":62,"column":2},"end":{"line":70,"column":null}},"type":"if","locations":[{"start":{"line":62,"column":2},"end":{"line":70,"column":null}},{"start":{},"end":{}}],"line":62},"9":{"loc":{"start":{"line":63,"column":4},"end":{"line":67,"column":null}},"type":"binary-expr","locations":[{"start":{"line":63,"column":4},"end":{"line":63,"column":null}},{"start":{"line":64,"column":4},"end":{"line":64,"column":null}},{"start":{"line":65,"column":4},"end":{"line":65,"column":null}},{"start":{"line":66,"column":4},"end":{"line":66,"column":null}},{"start":{"line":67,"column":4},"end":{"line":67,"column":null}}],"line":63},"10":{"loc":{"start":{"line":71,"column":2},"end":{"line":73,"column":null}},"type":"if","locations":[{"start":{"line":71,"column":2},"end":{"line":73,"column":null}},{"start":{},"end":{}}],"line":71},"11":{"loc":{"start":{"line":71,"column":6},"end":{"line":71,"column":59}},"type":"binary-expr","locations":[{"start":{"line":71,"column":6},"end":{"line":71,"column":35}},{"start":{"line":71,"column":35},"end":{"line":71,"column":59}}],"line":71},"12":{"loc":{"start":{"line":74,"column":2},"end":{"line":76,"column":null}},"type":"if","locations":[{"start":{"line":74,"column":2},"end":{"line":76,"column":null}},{"start":{},"end":{}}],"line":74},"13":{"loc":{"start":{"line":74,"column":6},"end":{"line":74,"column":58}},"type":"binary-expr","locations":[{"start":{"line":74,"column":6},"end":{"line":74,"column":34}},{"start":{"line":74,"column":34},"end":{"line":74,"column":58}}],"line":74},"14":{"loc":{"start":{"line":81,"column":2},"end":{"line":81,"column":null}},"type":"if","locations":[{"start":{"line":81,"column":2},"end":{"line":81,"column":null}},{"start":{},"end":{}}],"line":81},"15":{"loc":{"start":{"line":82,"column":2},"end":{"line":82,"column":null}},"type":"if","locations":[{"start":{"line":82,"column":2},"end":{"line":82,"column":null}},{"start":{},"end":{}}],"line":82},"16":{"loc":{"start":{"line":83,"column":2},"end":{"line":83,"column":null}},"type":"if","locations":[{"start":{"line":83,"column":2},"end":{"line":83,"column":null}},{"start":{},"end":{}}],"line":83},"17":{"loc":{"start":{"line":93,"column":4},"end":{"line":95,"column":null}},"type":"if","locations":[{"start":{"line":93,"column":4},"end":{"line":95,"column":null}},{"start":{},"end":{}}],"line":93},"18":{"loc":{"start":{"line":93,"column":8},"end":{"line":93,"column":55}},"type":"binary-expr","locations":[{"start":{"line":93,"column":8},"end":{"line":93,"column":38}},{"start":{"line":93,"column":38},"end":{"line":93,"column":55}}],"line":93},"19":{"loc":{"start":{"line":98,"column":20},"end":{"line":98,"column":null}},"type":"cond-expr","locations":[{"start":{"line":98,"column":57},"end":{"line":98,"column":74}},{"start":{"line":98,"column":74},"end":{"line":98,"column":null}}],"line":98},"20":{"loc":{"start":{"line":100,"column":6},"end":{"line":104,"column":null}},"type":"cond-expr","locations":[{"start":{"line":101,"column":10},"end":{"line":101,"column":null}},{"start":{"line":102,"column":10},"end":{"line":104,"column":null}}],"line":100},"21":{"loc":{"start":{"line":102,"column":10},"end":{"line":104,"column":null}},"type":"cond-expr","locations":[{"start":{"line":103,"column":12},"end":{"line":103,"column":null}},{"start":{"line":104,"column":12},"end":{"line":104,"column":null}}],"line":102},"22":{"loc":{"start":{"line":108,"column":17},"end":{"line":108,"column":null}},"type":"cond-expr","locations":[{"start":{"line":108,"column":43},"end":{"line":108,"column":56}},{"start":{"line":108,"column":56},"end":{"line":108,"column":null}}],"line":108},"23":{"loc":{"start":{"line":114,"column":8},"end":{"line":118,"column":null}},"type":"cond-expr","locations":[{"start":{"line":115,"column":12},"end":{"line":115,"column":null}},{"start":{"line":116,"column":12},"end":{"line":118,"column":null}}],"line":114},"24":{"loc":{"start":{"line":116,"column":12},"end":{"line":118,"column":null}},"type":"cond-expr","locations":[{"start":{"line":117,"column":14},"end":{"line":117,"column":null}},{"start":{"line":118,"column":14},"end":{"line":118,"column":null}}],"line":116},"25":{"loc":{"start":{"line":120,"column":8},"end":{"line":120,"column":null}},"type":"cond-expr","locations":[{"start":{"line":120,"column":44},"end":{"line":120,"column":60}},{"start":{"line":120,"column":60},"end":{"line":120,"column":null}}],"line":120},"26":{"loc":{"start":{"line":121,"column":12},"end":{"line":121,"column":null}},"type":"cond-expr","locations":[{"start":{"line":121,"column":46},"end":{"line":121,"column":60}},{"start":{"line":121,"column":60},"end":{"line":121,"column":null}}],"line":121},"27":{"loc":{"start":{"line":123,"column":8},"end":{"line":123,"column":null}},"type":"cond-expr","locations":[{"start":{"line":123,"column":44},"end":{"line":123,"column":60}},{"start":{"line":123,"column":60},"end":{"line":123,"column":null}}],"line":123},"28":{"loc":{"start":{"line":125,"column":8},"end":{"line":127,"column":null}},"type":"cond-expr","locations":[{"start":{"line":126,"column":12},"end":{"line":126,"column":null}},{"start":{"line":127,"column":12},"end":{"line":127,"column":null}}],"line":125},"29":{"loc":{"start":{"line":141,"column":2},"end":{"line":141,"column":null}},"type":"if","locations":[{"start":{"line":141,"column":2},"end":{"line":141,"column":null}},{"start":{},"end":{}}],"line":141},"30":{"loc":{"start":{"line":143,"column":19},"end":{"line":143,"column":null}},"type":"binary-expr","locations":[{"start":{"line":143,"column":19},"end":{"line":143,"column":31}},{"start":{"line":143,"column":31},"end":{"line":143,"column":null}}],"line":143},"31":{"loc":{"start":{"line":144,"column":23},"end":{"line":144,"column":null}},"type":"binary-expr","locations":[{"start":{"line":144,"column":23},"end":{"line":144,"column":35}},{"start":{"line":144,"column":35},"end":{"line":144,"column":null}}],"line":144},"32":{"loc":{"start":{"line":145,"column":17},"end":{"line":145,"column":null}},"type":"binary-expr","locations":[{"start":{"line":145,"column":17},"end":{"line":145,"column":29}},{"start":{"line":145,"column":29},"end":{"line":145,"column":null}}],"line":145},"33":{"loc":{"start":{"line":146,"column":15},"end":{"line":146,"column":null}},"type":"binary-expr","locations":[{"start":{"line":146,"column":15},"end":{"line":146,"column":27}},{"start":{"line":146,"column":27},"end":{"line":146,"column":null}}],"line":146},"34":{"loc":{"start":{"line":147,"column":20},"end":{"line":147,"column":null}},"type":"binary-expr","locations":[{"start":{"line":147,"column":20},"end":{"line":147,"column":32}},{"start":{"line":147,"column":32},"end":{"line":147,"column":null}}],"line":147},"35":{"loc":{"start":{"line":148,"column":20},"end":{"line":148,"column":null}},"type":"binary-expr","locations":[{"start":{"line":148,"column":20},"end":{"line":148,"column":32}},{"start":{"line":148,"column":32},"end":{"line":148,"column":null}}],"line":148},"36":{"loc":{"start":{"line":157,"column":15},"end":{"line":157,"column":null}},"type":"cond-expr","locations":[{"start":{"line":157,"column":41},"end":{"line":157,"column":54}},{"start":{"line":157,"column":54},"end":{"line":157,"column":null}}],"line":157},"37":{"loc":{"start":{"line":177,"column":2},"end":{"line":177,"column":null}},"type":"if","locations":[{"start":{"line":177,"column":2},"end":{"line":177,"column":null}},{"start":{},"end":{}}],"line":177},"38":{"loc":{"start":{"line":179,"column":23},"end":{"line":179,"column":null}},"type":"binary-expr","locations":[{"start":{"line":179,"column":23},"end":{"line":179,"column":35}},{"start":{"line":179,"column":35},"end":{"line":179,"column":null}}],"line":179},"39":{"loc":{"start":{"line":180,"column":19},"end":{"line":180,"column":null}},"type":"binary-expr","locations":[{"start":{"line":180,"column":19},"end":{"line":180,"column":31}},{"start":{"line":180,"column":31},"end":{"line":180,"column":null}}],"line":180},"40":{"loc":{"start":{"line":181,"column":18},"end":{"line":181,"column":null}},"type":"binary-expr","locations":[{"start":{"line":181,"column":18},"end":{"line":181,"column":30}},{"start":{"line":181,"column":30},"end":{"line":181,"column":null}}],"line":181},"41":{"loc":{"start":{"line":204,"column":2},"end":{"line":204,"column":null}},"type":"if","locations":[{"start":{"line":204,"column":2},"end":{"line":204,"column":null}},{"start":{},"end":{}}],"line":204},"42":{"loc":{"start":{"line":206,"column":23},"end":{"line":206,"column":null}},"type":"binary-expr","locations":[{"start":{"line":206,"column":23},"end":{"line":206,"column":35}},{"start":{"line":206,"column":35},"end":{"line":206,"column":null}}],"line":206},"43":{"loc":{"start":{"line":207,"column":19},"end":{"line":207,"column":null}},"type":"binary-expr","locations":[{"start":{"line":207,"column":19},"end":{"line":207,"column":31}},{"start":{"line":207,"column":31},"end":{"line":207,"column":null}}],"line":207},"44":{"loc":{"start":{"line":208,"column":18},"end":{"line":208,"column":null}},"type":"binary-expr","locations":[{"start":{"line":208,"column":18},"end":{"line":208,"column":30}},{"start":{"line":208,"column":30},"end":{"line":208,"column":null}}],"line":208},"45":{"loc":{"start":{"line":209,"column":18},"end":{"line":209,"column":null}},"type":"binary-expr","locations":[{"start":{"line":209,"column":18},"end":{"line":209,"column":30}},{"start":{"line":209,"column":30},"end":{"line":209,"column":null}}],"line":209},"46":{"loc":{"start":{"line":248,"column":4},"end":{"line":267,"column":null}},"type":"switch","locations":[{"start":{"line":249,"column":6},"end":{"line":252,"column":null}},{"start":{"line":253,"column":6},"end":{"line":256,"column":null}},{"start":{"line":257,"column":6},"end":{"line":260,"column":null}},{"start":{"line":261,"column":6},"end":{"line":264,"column":null}},{"start":{"line":265,"column":6},"end":{"line":266,"column":null}}],"line":248},"47":{"loc":{"start":{"line":251,"column":15},"end":{"line":251,"column":null}},"type":"binary-expr","locations":[{"start":{"line":251,"column":15},"end":{"line":251,"column":24}},{"start":{"line":251,"column":24},"end":{"line":251,"column":null}}],"line":251},"48":{"loc":{"start":{"line":255,"column":15},"end":{"line":255,"column":null}},"type":"binary-expr","locations":[{"start":{"line":255,"column":15},"end":{"line":255,"column":24}},{"start":{"line":255,"column":24},"end":{"line":255,"column":null}}],"line":255},"49":{"loc":{"start":{"line":259,"column":15},"end":{"line":259,"column":null}},"type":"binary-expr","locations":[{"start":{"line":259,"column":15},"end":{"line":259,"column":24}},{"start":{"line":259,"column":24},"end":{"line":259,"column":null}}],"line":259},"50":{"loc":{"start":{"line":263,"column":15},"end":{"line":263,"column":null}},"type":"binary-expr","locations":[{"start":{"line":263,"column":15},"end":{"line":263,"column":24}},{"start":{"line":263,"column":24},"end":{"line":263,"column":null}}],"line":263}},"s":{"0":1,"1":4,"2":4,"3":1,"4":1,"5":1,"6":1,"7":4,"8":0,"9":0,"10":0,"11":4,"12":0,"13":4,"14":1,"15":3,"16":0,"17":3,"18":0,"19":0,"20":0,"21":0,"22":0,"23":0,"24":0,"25":0,"26":0,"27":0,"28":0,"29":0,"30":0,"31":1,"32":0,"33":1,"34":0,"35":1,"36":0,"37":1,"38":0,"39":0,"40":0,"41":0,"42":0,"43":0,"44":0,"45":0,"46":0,"47":1,"48":1,"49":0,"50":1,"51":1,"52":1,"53":1,"54":1,"55":1,"56":1,"57":1,"58":1,"59":0,"60":0,"61":0,"62":0,"63":0,"64":0,"65":0,"66":0,"67":0,"68":0,"69":0,"70":0,"71":0,"72":0,"73":0,"74":0,"75":0,"76":0,"77":0,"78":3,"79":0,"80":4,"81":4,"82":0,"83":0,"84":1,"85":1,"86":0,"87":0,"88":0,"89":0,"90":3},"f":{"0":4,"1":4,"2":0,"3":0,"4":1,"5":0,"6":1,"7":0,"8":0,"9":3,"10":0,"11":4},"b":{"0":[0,4],"1":[4,4],"2":[0,4],"3":[1,3],"4":[0,3],"5":[0,0],"6":[0,0],"7":[0,0,0],"8":[0,0],"9":[0,0,0,0,0],"10":[0,0],"11":[0,0],"12":[0,0],"13":[0,0],"14":[0,1],"15":[0,1],"16":[0,1],"17":[0,0],"18":[0,0],"19":[0,0],"20":[0,0],"21":[0,0],"22":[0,0],"23":[0,0],"24":[0,0],"25":[0,0],"26":[0,0],"27":[0,0],"28":[0,0],"29":[0,1],"30":[1,0],"31":[1,0],"32":[1,0],"33":[1,0],"34":[1,0],"35":[1,0],"36":[0,1],"37":[0,0],"38":[0,0],"39":[0,0],"40":[0,0],"41":[0,0],"42":[0,0],"43":[0,0],"44":[0,0],"45":[0,0],"46":[0,1,0,0,3],"47":[0,0],"48":[1,0],"49":[0,0],"50":[0,0]},"meta":{"lastBranch":51,"lastFunction":12,"lastStatement":91,"seen":{"s:5:16:5:Infinity":0,"f:6:9:6:30":0,"s:7:2:7:Infinity":1,"s:8:2:8:Infinity":2,"s:12:2:12:Infinity":3,"s:15:2:15:Infinity":4,"s:18:2:18:Infinity":5,"s:20:24:20:Infinity":6,"f:22:9:22:22":1,"b:23:2:30:Infinity:undefined:undefined:undefined:undefined":0,"s:23:2:30:Infinity":7,"b:23:6:23:25:23:25:23:42":1,"s:24:4:29:Infinity":8,"s:25:6:25:Infinity":9,"s:26:6:26:Infinity":10,"b:32:2:34:Infinity:undefined:undefined:undefined:undefined":2,"s:32:2:34:Infinity":11,"s:33:4:33:Infinity":12,"b:36:2:38:Infinity:undefined:undefined:undefined:undefined":3,"s:36:2:38:Infinity":13,"s:37:4:37:Infinity":14,"b:40:2:42:Infinity:undefined:undefined:undefined:undefined":4,"s:40:2:42:Infinity":15,"s:41:4:41:Infinity":16,"s:44:2:44:Infinity":17,"f:47:9:47:30":2,"s:48:22:48:Infinity":18,"s:49:17:49:Infinity":19,"s:50:2:50:Infinity":20,"b:50:32:50:45:50:45:50:Infinity":5,"f:53:9:53:34":3,"s:54:16:54:Infinity":21,"b:55:2:61:Infinity:undefined:undefined:undefined:undefined":6,"s:55:2:61:Infinity":22,"b:56:4:56:Infinity:57:4:57:Infinity:58:4:58:Infinity":7,"s:60:4:60:Infinity":23,"b:62:2:70:Infinity:undefined:undefined:undefined:undefined":8,"s:62:2:70:Infinity":24,"b:63:4:63:Infinity:64:4:64:Infinity:65:4:65:Infinity:66:4:66:Infinity:67:4:67:Infinity":9,"s:69:4:69:Infinity":25,"b:71:2:73:Infinity:undefined:undefined:undefined:undefined":10,"s:71:2:73:Infinity":26,"b:71:6:71:35:71:35:71:59":11,"s:72:4:72:Infinity":27,"b:74:2:76:Infinity:undefined:undefined:undefined:undefined":12,"s:74:2:76:Infinity":28,"b:74:6:74:34:74:34:74:58":13,"s:75:4:75:Infinity":29,"s:77:2:77:Infinity":30,"f:80:9:80:33":4,"b:81:2:81:Infinity:undefined:undefined:undefined:undefined":14,"s:81:2:81:Infinity":31,"s:81:25:81:Infinity":32,"b:82:2:82:Infinity:undefined:undefined:undefined:undefined":15,"s:82:2:82:Infinity":33,"s:82:25:82:Infinity":34,"b:83:2:83:Infinity:undefined:undefined:undefined:undefined":16,"s:83:2:83:Infinity":35,"s:83:25:83:Infinity":36,"s:84:2:84:Infinity":37,"f:87:9:87:Infinity":5,"s:91:2:133:Infinity":38,"s:92:28:92:Infinity":39,"b:93:4:95:Infinity:undefined:undefined:undefined:undefined":17,"s:93:4:95:Infinity":40,"b:93:8:93:38:93:38:93:55":18,"s:94:6:94:Infinity":41,"s:96:16:96:Infinity":42,"s:98:20:98:Infinity":43,"b:98:57:98:74:98:74:98:Infinity":19,"s:100:6:104:Infinity":44,"b:101:10:101:Infinity:102:10:104:Infinity":20,"b:103:12:103:Infinity:104:12:104:Infinity":21,"s:106:4:130:Infinity":45,"b:108:43:108:56:108:56:108:Infinity":22,"b:115:12:115:Infinity:116:12:118:Infinity":23,"b:117:14:117:Infinity:118:14:118:Infinity":24,"b:120:44:120:60:120:60:120:Infinity":25,"b:121:46:121:60:121:60:121:Infinity":26,"b:123:44:123:60:123:60:123:Infinity":27,"b:126:12:126:Infinity:127:12:127:Infinity":28,"s:132:4:132:Infinity":46,"f:136:9:136:Infinity":6,"s:140:16:140:Infinity":47,"b:141:2:141:Infinity:undefined:undefined:undefined:undefined":29,"s:141:2:141:Infinity":48,"s:141:14:141:Infinity":49,"s:143:19:143:Infinity":50,"b:143:19:143:31:143:31:143:Infinity":30,"s:144:23:144:Infinity":51,"b:144:23:144:35:144:35:144:Infinity":31,"s:145:17:145:Infinity":52,"b:145:17:145:29:145:29:145:Infinity":32,"s:146:15:146:Infinity":53,"b:146:15:146:27:146:27:146:Infinity":33,"s:147:20:147:Infinity":54,"b:147:20:147:32:147:32:147:Infinity":34,"s:148:20:148:Infinity":55,"b:148:20:148:32:148:32:148:Infinity":35,"s:150:21:150:Infinity":56,"s:151:20:153:Infinity":57,"s:155:2:169:Infinity":58,"b:157:41:157:54:157:54:157:Infinity":36,"f:172:9:172:Infinity":7,"s:176:16:176:Infinity":59,"b:177:2:177:Infinity:undefined:undefined:undefined:undefined":37,"s:177:2:177:Infinity":60,"s:177:14:177:Infinity":61,"s:179:23:179:Infinity":62,"b:179:23:179:35:179:35:179:Infinity":38,"s:180:19:180:Infinity":63,"b:180:19:180:31:180:31:180:Infinity":39,"s:181:18:181:Infinity":64,"b:181:18:181:30:181:30:181:Infinity":40,"s:183:18:183:Infinity":65,"s:184:19:184:Infinity":66,"s:186:2:196:Infinity":67,"f:199:9:199:Infinity":8,"s:203:16:203:Infinity":68,"b:204:2:204:Infinity:undefined:undefined:undefined:undefined":41,"s:204:2:204:Infinity":69,"s:204:14:204:Infinity":70,"s:206:23:206:Infinity":71,"b:206:23:206:35:206:35:206:Infinity":42,"s:207:19:207:Infinity":72,"b:207:19:207:31:207:31:207:Infinity":43,"s:208:18:208:Infinity":73,"b:208:18:208:30:208:30:208:Infinity":44,"s:209:18:209:Infinity":74,"b:209:18:209:30:209:30:209:Infinity":45,"s:211:18:211:Infinity":75,"s:212:19:212:Infinity":76,"s:214:2:224:Infinity":77,"f:227:9:227:29":9,"s:228:2:237:Infinity":78,"f:241:2:241:12":10,"s:242:4:242:Infinity":79,"f:245:2:245:15":11,"s:246:19:246:Infinity":80,"b:249:6:252:Infinity:253:6:256:Infinity:257:6:260:Infinity:261:6:264:Infinity:265:6:266:Infinity":46,"s:248:4:267:Infinity":81,"s:250:22:250:Infinity":82,"s:251:8:251:Infinity":83,"b:251:15:251:24:251:24:251:Infinity":47,"s:254:22:254:Infinity":84,"s:255:8:255:Infinity":85,"b:255:15:255:24:255:24:255:Infinity":48,"s:258:22:258:Infinity":86,"s:259:8:259:Infinity":87,"b:259:15:259:24:259:24:259:Infinity":49,"s:262:22:262:Infinity":88,"s:263:8:263:Infinity":89,"b:263:15:263:24:263:24:263:Infinity":50,"s:266:8:266:Infinity":90},"fnNames":{}}}
,"/Users/o.datsiura/.gemini/antigravity-ide/scratch/siem-rule-engine/src/core/pipeline/handler.ts": {"path":"/Users/o.datsiura/.gemini/antigravity-ide/scratch/siem-rule-engine/src/core/pipeline/handler.ts","statementMap":{"0":{"start":{"line":4,"column":51},"end":{"line":4,"column":null}},"1":{"start":{"line":7,"column":4},"end":{"line":7,"column":null}},"2":{"start":{"line":8,"column":4},"end":{"line":8,"column":null}},"3":{"start":{"line":12,"column":19},"end":{"line":12,"column":null}},"4":{"start":{"line":13,"column":4},"end":{"line":15,"column":null}},"5":{"start":{"line":14,"column":6},"end":{"line":14,"column":null}},"6":{"start":{"line":16,"column":4},"end":{"line":18,"column":null}},"7":{"start":{"line":17,"column":6},"end":{"line":17,"column":null}},"8":{"start":{"line":19,"column":4},"end":{"line":19,"column":null}}},"fnMap":{"0":{"name":"setNext","decl":{"start":{"line":6,"column":2},"end":{"line":6,"column":10}},"loc":{"start":{"line":6,"column":59},"end":{"line":9,"column":null}},"line":6},"1":{"name":"handle","decl":{"start":{"line":11,"column":2},"end":{"line":11,"column":9}},"loc":{"start":{"line":11,"column":49},"end":{"line":20,"column":null}},"line":11}},"branchMap":{"0":{"loc":{"start":{"line":13,"column":4},"end":{"line":15,"column":null}},"type":"if","locations":[{"start":{"line":13,"column":4},"end":{"line":15,"column":null}},{"start":{},"end":{}}],"line":13},"1":{"loc":{"start":{"line":16,"column":4},"end":{"line":18,"column":null}},"type":"if","locations":[{"start":{"line":16,"column":4},"end":{"line":18,"column":null}},{"start":{},"end":{}}],"line":16}},"s":{"0":4,"1":2,"2":2,"3":12,"4":12,"5":0,"6":12,"7":8,"8":4},"f":{"0":2,"1":12},"b":{"0":[0,12],"1":[8,4]},"meta":{"lastBranch":2,"lastFunction":2,"lastStatement":9,"seen":{"s:4:51:4:Infinity":0,"f:6:2:6:10":0,"s:7:4:7:Infinity":1,"s:8:4:8:Infinity":2,"f:11:2:11:9":1,"s:12:19:12:Infinity":3,"b:13:4:15:Infinity:undefined:undefined:undefined:undefined":0,"s:13:4:15:Infinity":4,"s:14:6:14:Infinity":5,"b:16:4:18:Infinity:undefined:undefined:undefined:undefined":1,"s:16:4:18:Infinity":6,"s:17:6:17:Infinity":7,"s:19:4:19:Infinity":8},"fnNames":{}}}
,"/Users/o.datsiura/.gemini/antigravity-ide/scratch/siem-rule-engine/src/core/pipeline/redos-guard-handler.ts": {"path":"/Users/o.datsiura/.gemini/antigravity-ide/scratch/siem-rule-engine/src/core/pipeline/redos-guard-handler.ts","statementMap":{"0":{"start":{"line":4,"column":24},"end":{"line":4,"column":null}},"1":{"start":{"line":8,"column":4},"end":{"line":10,"column":null}},"2":{"start":{"line":9,"column":6},"end":{"line":9,"column":null}},"3":{"start":{"line":12,"column":4},"end":{"line":15,"column":null}}},"fnMap":{"0":{"name":"process","decl":{"start":{"line":7,"column":2},"end":{"line":7,"column":12}},"loc":{"start":{"line":7,"column":53},"end":{"line":16,"column":null}},"line":7}},"branchMap":{"0":{"loc":{"start":{"line":8,"column":4},"end":{"line":10,"column":null}},"type":"if","locations":[{"start":{"line":8,"column":4},"end":{"line":10,"column":null}},{"start":{},"end":{}}],"line":8}},"s":{"0":1,"1":4,"2":3,"3":1},"f":{"0":4},"b":{"0":[3,1]},"meta":{"lastBranch":1,"lastFunction":1,"lastStatement":4,"seen":{"s:4:24:4:Infinity":0,"f:7:2:7:12":0,"b:8:4:10:Infinity:undefined:undefined:undefined:undefined":0,"s:8:4:10:Infinity":1,"s:9:6:9:Infinity":2,"s:12:4:15:Infinity":3},"fnNames":{}}}
,"/Users/o.datsiura/.gemini/antigravity-ide/scratch/siem-rule-engine/src/core/pipeline/sanitization-chain.ts": {"path":"/Users/o.datsiura/.gemini/antigravity-ide/scratch/siem-rule-engine/src/core/pipeline/sanitization-chain.ts","statementMap":{"0":{"start":{"line":14,"column":4},"end":{"line":14,"column":null}},"1":{"start":{"line":15,"column":4},"end":{"line":15,"column":null}},"2":{"start":{"line":16,"column":4},"end":{"line":16,"column":null}},"3":{"start":{"line":17,"column":4},"end":{"line":17,"column":null}},"4":{"start":{"line":19,"column":4},"end":{"line":19,"column":null}},"5":{"start":{"line":20,"column":4},"end":{"line":20,"column":null}},"6":{"start":{"line":24,"column":31},"end":{"line":28,"column":null}},"7":{"start":{"line":30,"column":22},"end":{"line":30,"column":null}},"8":{"start":{"line":31,"column":4},"end":{"line":33,"column":null}},"9":{"start":{"line":32,"column":6},"end":{"line":32,"column":null}},"10":{"start":{"line":35,"column":4},"end":{"line":35,"column":null}}},"fnMap":{"0":{"name":"constructor","decl":{"start":{"line":13,"column":2},"end":{"line":13,"column":16}},"loc":{"start":{"line":13,"column":16},"end":{"line":21,"column":null}},"line":13},"1":{"name":"process","decl":{"start":{"line":23,"column":2},"end":{"line":23,"column":10}},"loc":{"start":{"line":23,"column":83},"end":{"line":36,"column":null}},"line":23}},"branchMap":{"0":{"loc":{"start":{"line":31,"column":4},"end":{"line":33,"column":null}},"type":"if","locations":[{"start":{"line":31,"column":4},"end":{"line":33,"column":null}},{"start":{},"end":{}}],"line":31}},"s":{"0":1,"1":1,"2":1,"3":1,"4":1,"5":1,"6":4,"7":4,"8":4,"9":0,"10":4},"f":{"0":1,"1":4},"b":{"0":[0,4]},"meta":{"lastBranch":1,"lastFunction":2,"lastStatement":11,"seen":{"f:13:2:13:16":0,"s:14:4:14:Infinity":0,"s:15:4:15:Infinity":1,"s:16:4:16:Infinity":2,"s:17:4:17:Infinity":3,"s:19:4:19:Infinity":4,"s:20:4:20:Infinity":5,"f:23:2:23:10":1,"s:24:31:28:Infinity":6,"s:30:22:30:Infinity":7,"b:31:4:33:Infinity:undefined:undefined:undefined:undefined":0,"s:31:4:33:Infinity":8,"s:32:6:32:Infinity":9,"s:35:4:35:Infinity":10},"fnNames":{}}}
,"/Users/o.datsiura/.gemini/antigravity-ide/scratch/siem-rule-engine/src/core/pipeline/xss-shield-handler.ts": {"path":"/Users/o.datsiura/.gemini/antigravity-ide/scratch/siem-rule-engine/src/core/pipeline/xss-shield-handler.ts","statementMap":{"0":{"start":{"line":4,"column":58},"end":{"line":11,"column":null}},"1":{"start":{"line":14,"column":15},"end":{"line":14,"column":null}},"2":{"start":{"line":15,"column":2},"end":{"line":19,"column":null}},"3":{"start":{"line":15,"column":15},"end":{"line":15,"column":18}},"4":{"start":{"line":16,"column":17},"end":{"line":16,"column":null}},"5":{"start":{"line":17,"column":19},"end":{"line":17,"column":null}},"6":{"start":{"line":18,"column":4},"end":{"line":18,"column":null}},"7":{"start":{"line":20,"column":2},"end":{"line":20,"column":null}},"8":{"start":{"line":25,"column":4},"end":{"line":25,"column":null}},"9":{"start":{"line":31,"column":4},"end":{"line":34,"column":null}}},"fnMap":{"0":{"name":"escapeHtmlEntities","decl":{"start":{"line":13,"column":9},"end":{"line":13,"column":28}},"loc":{"start":{"line":13,"column":50},"end":{"line":21,"column":null}},"line":13},"1":{"name":"escape","decl":{"start":{"line":24,"column":9},"end":{"line":24,"column":16}},"loc":{"start":{"line":24,"column":38},"end":{"line":26,"column":null}},"line":24},"2":{"name":"process","decl":{"start":{"line":30,"column":2},"end":{"line":30,"column":12}},"loc":{"start":{"line":30,"column":53},"end":{"line":35,"column":null}},"line":30}},"branchMap":{"0":{"loc":{"start":{"line":18,"column":14},"end":{"line":18,"column":null}},"type":"binary-expr","locations":[{"start":{"line":18,"column":14},"end":{"line":18,"column":24}},{"start":{"line":18,"column":24},"end":{"line":18,"column":null}}],"line":18}},"s":{"0":1,"1":4,"2":4,"3":4,"4":15207,"5":15207,"6":15207,"7":4,"8":0,"9":4},"f":{"0":4,"1":1,"2":4},"b":{"0":[15207,15190]},"meta":{"lastBranch":1,"lastFunction":3,"lastStatement":10,"seen":{"s:4:58:11:Infinity":0,"f:13:9:13:28":0,"s:14:15:14:Infinity":1,"s:15:2:19:Infinity":2,"s:15:15:15:18":3,"s:16:17:16:Infinity":4,"s:17:19:17:Infinity":5,"s:18:4:18:Infinity":6,"b:18:14:18:24:18:24:18:Infinity":0,"s:20:2:20:Infinity":7,"f:24:9:24:16":1,"s:25:4:25:Infinity":8,"f:30:2:30:12":2,"s:31:4:34:Infinity":9},"fnNames":{}}}
,"/Users/o.datsiura/.gemini/antigravity-ide/scratch/siem-rule-engine/src/core/rules/detection-engine.ts": {"path":"/Users/o.datsiura/.gemini/antigravity-ide/scratch/siem-rule-engine/src/core/rules/detection-engine.ts","statementMap":{"0":{"start":{"line":8,"column":22},"end":{"line":8,"column":null}},"1":{"start":{"line":11,"column":45},"end":{"line":11,"column":null}},"2":{"start":{"line":12,"column":32},"end":{"line":12,"column":null}},"3":{"start":{"line":13,"column":24},"end":{"line":13,"column":null}},"4":{"start":{"line":15,"column":48},"end":{"line":15,"column":null}},"5":{"start":{"line":18,"column":4},"end":{"line":18,"column":null}},"6":{"start":{"line":22,"column":4},"end":{"line":22,"column":null}},"7":{"start":{"line":26,"column":35},"end":{"line":26,"column":null}},"8":{"start":{"line":27,"column":16},"end":{"line":27,"column":null}},"9":{"start":{"line":29,"column":4},"end":{"line":40,"column":null}},"10":{"start":{"line":30,"column":6},"end":{"line":30,"column":null}},"11":{"start":{"line":31,"column":6},"end":{"line":31,"column":null}},"12":{"start":{"line":33,"column":6},"end":{"line":39,"column":null}},"13":{"start":{"line":34,"column":22},"end":{"line":34,"column":null}},"14":{"start":{"line":35,"column":8},"end":{"line":38,"column":null}},"15":{"start":{"line":36,"column":10},"end":{"line":36,"column":null}},"16":{"start":{"line":37,"column":10},"end":{"line":37,"column":null}},"17":{"start":{"line":42,"column":4},"end":{"line":42,"column":null}},"18":{"start":{"line":46,"column":4},"end":{"line":50,"column":null}},"19":{"start":{"line":47,"column":6},"end":{"line":49,"column":null}},"20":{"start":{"line":48,"column":8},"end":{"line":48,"column":null}},"21":{"start":{"line":52,"column":19},"end":{"line":52,"column":null}},"22":{"start":{"line":53,"column":4},"end":{"line":58,"column":null}},"23":{"start":{"line":57,"column":6},"end":{"line":57,"column":null}},"24":{"start":{"line":62,"column":16},"end":{"line":62,"column":null}},"25":{"start":{"line":63,"column":22},"end":{"line":63,"column":null}},"26":{"start":{"line":64,"column":19},"end":{"line":64,"column":null}},"27":{"start":{"line":65,"column":4},"end":{"line":71,"column":null}},"28":{"start":{"line":65,"column":17},"end":{"line":65,"column":51}},"29":{"start":{"line":66,"column":6},"end":{"line":70,"column":null}},"30":{"start":{"line":67,"column":8},"end":{"line":67,"column":null}},"31":{"start":{"line":69,"column":8},"end":{"line":69,"column":null}},"32":{"start":{"line":73,"column":27},"end":{"line":73,"column":null}},"33":{"start":{"line":74,"column":4},"end":{"line":78,"column":null}},"34":{"start":{"line":75,"column":6},"end":{"line":77,"column":null}},"35":{"start":{"line":76,"column":8},"end":{"line":76,"column":null}},"36":{"start":{"line":80,"column":4},"end":{"line":87,"column":null}},"37":{"start":{"line":91,"column":4},"end":{"line":91,"column":null}},"38":{"start":{"line":95,"column":4},"end":{"line":97,"column":null}},"39":{"start":{"line":96,"column":6},"end":{"line":96,"column":null}},"40":{"start":{"line":98,"column":4},"end":{"line":98,"column":null}},"41":{"start":{"line":99,"column":4},"end":{"line":99,"column":null}},"42":{"start":{"line":100,"column":4},"end":{"line":100,"column":null}}},"fnMap":{"0":{"name":"constructor","decl":{"start":{"line":17,"column":2},"end":{"line":17,"column":16}},"loc":{"start":{"line":17,"column":16},"end":{"line":19,"column":null}},"line":17},"1":{"name":"registerRule","decl":{"start":{"line":21,"column":2},"end":{"line":21,"column":15}},"loc":{"start":{"line":21,"column":43},"end":{"line":23,"column":null}},"line":21},"2":{"name":"ingest","decl":{"start":{"line":25,"column":2},"end":{"line":25,"column":9}},"loc":{"start":{"line":25,"column":56},"end":{"line":43,"column":null}},"line":25},"3":{"name":"housekeep","decl":{"start":{"line":45,"column":2},"end":{"line":45,"column":12}},"loc":{"start":{"line":45,"column":31},"end":{"line":59,"column":null}},"line":45},"4":{"name":"getTelemetry","decl":{"start":{"line":61,"column":2},"end":{"line":61,"column":37}},"loc":{"start":{"line":61,"column":37},"end":{"line":88,"column":null}},"line":61},"5":{"name":"ruleCount","decl":{"start":{"line":90,"column":6},"end":{"line":90,"column":26}},"loc":{"start":{"line":90,"column":26},"end":{"line":92,"column":null}},"line":90},"6":{"name":"reset","decl":{"start":{"line":94,"column":2},"end":{"line":94,"column":16}},"loc":{"start":{"line":94,"column":16},"end":{"line":101,"column":null}},"line":94}},"branchMap":{"0":{"loc":{"start":{"line":35,"column":8},"end":{"line":38,"column":null}},"type":"if","locations":[{"start":{"line":35,"column":8},"end":{"line":38,"column":null}},{"start":{},"end":{}}],"line":35},"1":{"loc":{"start":{"line":47,"column":6},"end":{"line":49,"column":null}},"type":"if","locations":[{"start":{"line":47,"column":6},"end":{"line":49,"column":null}},{"start":{},"end":{}}],"line":47},"2":{"loc":{"start":{"line":54,"column":6},"end":{"line":55,"column":null}},"type":"binary-expr","locations":[{"start":{"line":54,"column":6},"end":{"line":54,"column":null}},{"start":{"line":54,"column":37},"end":{"line":55,"column":null}}],"line":54},"3":{"loc":{"start":{"line":55,"column":7},"end":{"line":55,"column":40}},"type":"binary-expr","locations":[{"start":{"line":55,"column":7},"end":{"line":55,"column":35}},{"start":{"line":55,"column":35},"end":{"line":55,"column":40}}],"line":55},"4":{"loc":{"start":{"line":66,"column":6},"end":{"line":70,"column":null}},"type":"if","locations":[{"start":{"line":66,"column":6},"end":{"line":70,"column":null}},{"start":{"line":68,"column":13},"end":{"line":70,"column":null}}],"line":66},"5":{"loc":{"start":{"line":66,"column":11},"end":{"line":66,"column":45}},"type":"binary-expr","locations":[{"start":{"line":66,"column":11},"end":{"line":66,"column":39}},{"start":{"line":66,"column":39},"end":{"line":66,"column":45}}],"line":66},"6":{"loc":{"start":{"line":75,"column":6},"end":{"line":77,"column":null}},"type":"if","locations":[{"start":{"line":75,"column":6},"end":{"line":77,"column":null}},{"start":{},"end":{}}],"line":75}},"s":{"0":1,"1":2,"2":2,"3":2,"4":2,"5":2,"6":2,"7":2,"8":2,"9":2,"10":4,"11":4,"12":4,"13":4,"14":4,"15":2,"16":2,"17":2,"18":0,"19":0,"20":0,"21":0,"22":0,"23":0,"24":0,"25":0,"26":0,"27":0,"28":0,"29":0,"30":0,"31":0,"32":0,"33":0,"34":0,"35":0,"36":0,"37":0,"38":0,"39":0,"40":0,"41":0,"42":0},"f":{"0":2,"1":2,"2":2,"3":0,"4":0,"5":0,"6":0},"b":{"0":[2,2],"1":[0,0],"2":[0,0],"3":[0,0],"4":[0,0],"5":[0,0],"6":[0,0]},"meta":{"lastBranch":7,"lastFunction":7,"lastStatement":43,"seen":{"s:8:22:8:Infinity":0,"s:11:45:11:Infinity":1,"s:12:32:12:Infinity":2,"s:13:24:13:Infinity":3,"s:15:48:15:Infinity":4,"f:17:2:17:16":0,"s:18:4:18:Infinity":5,"f:21:2:21:15":1,"s:22:4:22:Infinity":6,"f:25:2:25:9":2,"s:26:35:26:Infinity":7,"s:27:16:27:Infinity":8,"s:29:4:40:Infinity":9,"s:30:6:30:Infinity":10,"s:31:6:31:Infinity":11,"s:33:6:39:Infinity":12,"s:34:22:34:Infinity":13,"b:35:8:38:Infinity:undefined:undefined:undefined:undefined":0,"s:35:8:38:Infinity":14,"s:36:10:36:Infinity":15,"s:37:10:37:Infinity":16,"s:42:4:42:Infinity":17,"f:45:2:45:12":3,"s:46:4:50:Infinity":18,"b:47:6:49:Infinity:undefined:undefined:undefined:undefined":1,"s:47:6:49:Infinity":19,"s:48:8:48:Infinity":20,"s:52:19:52:Infinity":21,"s:53:4:58:Infinity":22,"b:54:6:54:Infinity:54:37:55:Infinity":2,"b:55:7:55:35:55:35:55:40":3,"s:57:6:57:Infinity":23,"f:61:2:61:37":4,"s:62:16:62:Infinity":24,"s:63:22:63:Infinity":25,"s:64:19:64:Infinity":26,"s:65:4:71:Infinity":27,"s:65:17:65:51":28,"b:66:6:70:Infinity:68:13:70:Infinity":4,"s:66:6:70:Infinity":29,"b:66:11:66:39:66:39:66:45":5,"s:67:8:67:Infinity":30,"s:69:8:69:Infinity":31,"s:73:27:73:Infinity":32,"s:74:4:78:Infinity":33,"b:75:6:77:Infinity:undefined:undefined:undefined:undefined":6,"s:75:6:77:Infinity":34,"s:76:8:76:Infinity":35,"s:80:4:87:Infinity":36,"f:90:6:90:26":5,"s:91:4:91:Infinity":37,"f:94:2:94:16":6,"s:95:4:97:Infinity":38,"s:96:6:96:Infinity":39,"s:98:4:98:Infinity":40,"s:99:4:99:Infinity":41,"s:100:4:100:Infinity":42},"fnNames":{}}}
,"/Users/o.datsiura/.gemini/antigravity-ide/scratch/siem-rule-engine/src/core/rules/rule.ts": {"path":"/Users/o.datsiura/.gemini/antigravity-ide/scratch/siem-rule-engine/src/core/rules/rule.ts","statementMap":{"0":{"start":{"line":15,"column":2},"end":{"line":15,"column":null}}},"fnMap":{"0":{"name":"isStatefulRule","decl":{"start":{"line":14,"column":16},"end":{"line":14,"column":31}},"loc":{"start":{"line":14,"column":76},"end":{"line":16,"column":null}},"line":14}},"branchMap":{"0":{"loc":{"start":{"line":15,"column":9},"end":{"line":15,"column":null}},"type":"binary-expr","locations":[{"start":{"line":15,"column":9},"end":{"line":15,"column":35}},{"start":{"line":15,"column":35},"end":{"line":15,"column":null}}],"line":15}},"s":{"0":0},"f":{"0":0},"b":{"0":[0,0]},"meta":{"lastBranch":1,"lastFunction":1,"lastStatement":1,"seen":{"f:14:16:14:31":0,"s:15:2:15:Infinity":0,"b:15:9:15:35:15:35:15:Infinity":0},"fnNames":{}}}
,"/Users/o.datsiura/.gemini/antigravity-ide/scratch/siem-rule-engine/src/core/rules/signature-rule.ts": {"path":"/Users/o.datsiura/.gemini/antigravity-ide/scratch/siem-rule-engine/src/core/rules/signature-rule.ts","statementMap":{"0":{"start":{"line":9,"column":19},"end":{"line":9,"column":null}},"1":{"start":{"line":11,"column":2},"end":{"line":11,"column":null}},"2":{"start":{"line":12,"column":2},"end":{"line":12,"column":null}},"3":{"start":{"line":20,"column":4},"end":{"line":20,"column":null}},"4":{"start":{"line":21,"column":4},"end":{"line":21,"column":null}},"5":{"start":{"line":22,"column":4},"end":{"line":24,"column":null}},"6":{"start":{"line":23,"column":6},"end":{"line":23,"column":null}},"7":{"start":{"line":25,"column":4},"end":{"line":25,"column":null}},"8":{"start":{"line":29,"column":4},"end":{"line":31,"column":null}},"9":{"start":{"line":30,"column":6},"end":{"line":30,"column":null}},"10":{"start":{"line":33,"column":23},"end":{"line":37,"column":null}},"11":{"start":{"line":39,"column":20},"end":{"line":39,"column":null}},"12":{"start":{"line":40,"column":4},"end":{"line":42,"column":null}},"13":{"start":{"line":41,"column":6},"end":{"line":41,"column":null}},"14":{"start":{"line":44,"column":27},"end":{"line":46,"column":null}},"15":{"start":{"line":45,"column":36},"end":{"line":45,"column":45}},"16":{"start":{"line":48,"column":4},"end":{"line":62,"column":null}}},"fnMap":{"0":{"name":"generateAlertId","decl":{"start":{"line":10,"column":9},"end":{"line":10,"column":35}},"loc":{"start":{"line":10,"column":35},"end":{"line":13,"column":null}},"line":10},"1":{"name":"constructor","decl":{"start":{"line":19,"column":2},"end":{"line":19,"column":14}},"loc":{"start":{"line":19,"column":72},"end":{"line":26,"column":null}},"line":19},"2":{"name":"evaluate","decl":{"start":{"line":28,"column":2},"end":{"line":28,"column":11}},"loc":{"start":{"line":28,"column":50},"end":{"line":63,"column":null}},"line":28},"3":{"name":"(anonymous_3)","decl":{"start":{"line":45,"column":25},"end":{"line":45,"column":30}},"loc":{"start":{"
[...]
,"/Users/o.datsiura/.gemini/antigravity-ide/scratch/siem-rule-engine/src/core/rules/sliding-window-rule.ts": {"path":"/Users/o.datsiura/.gemini/antigravity-ide/scratch/siem-rule-engine/src/core/rules/sliding-window-rule.ts","statementMap":{"0":{"start":{"line":10,"column":23},"end":{"line":10,"column":null}},"1":{"start":{"line":11,"column":34},"end":{"line":11,"column":null}},"2":{"start":{"line":13,"column":19},"end":{"line":13,"column":null}},"3":{"start":{"line":15,"column":2},"end":{"line":15,"column":null}},"4":{"start":{"line":16,"column":2},"end":{"line":16,"column":null}},"5":{"start":{"line":39,"column":4},"end":{"line":39,"column":null}},"6":{"start":{"line":40,"column":4},"end":{"line":40,"column":null}},"7":{"start":{"line":41,"column":4},"end":{"line":41,"column":null}},"8":{"start":{"line":42,"column":4},"end":{"line":42,"column":null}},"9":{"start":{"line":43,"column":4},"end":{"line":43,"column":null}},"10":{"start":{"line":44,"column":4},"end":{"line":44,"column":null}},"11":{"start":{"line":48,"column":4},"end":{"line":48,"column":null}},"12":{"start":{"line":52,"column":4},"end":{"line":54,"column":null}},"13":{"start":{"line":53,"column":6},"end":{"line":53,"column":null}},"14":{"start":{"line":56,"column":4},"end":{"line":58,"column":null}},"15":{"start":{"line":57,"column":6},"end":{"line":57,"column":null}},"16":{"start":{"line":60,"column":16},"end":{"line":60,"column":null}},"17":{"start":{"line":61,"column":4},"end":{"line":63,"column":null}},"18":{"start":{"line":62,"column":6},"end":{"line":62,"column":null}},"19":{"start":{"line":65,"column":20},"end":{"line":65,"column":null}},"20":{"start":{"line":66,"column":4},"end":{"line":75,"column":null}},"21":{"start":{"line":67,"column":6},"end":{"line":69,"column":null}},"22":{"start":{"line":68,"column":8},"end":{"line":68,"column":null}},"23":{"start":{"line":70,"column":6},"end":{"line":73,"column":null}},"24":{"start":{"line":74,"column":6},"end":{"line":74,"column":null}},"25":{"start":{"line":77,"column":4},"end":{"line":77,"column":null}},"26":{"start":{"line":79,"column":4},"end":{"line":81,"column":null}},"27":{"start":{"line":80,"column":6},"end":{"line":80,"column":null}},"28":{"start":{"line":83,"column":27},"end":{"line":83,"column":null}},"29":{"start":{"line":84,"column":4},"end":{"line":84,"column":null}},"30":{"start":{"line":86,"column":19},"end":{"line":86,"column":null}},"31":{"start":{"line":87,"column":4},"end":{"line":92,"column":null}},"32":{"start":{"line":91,"column":6},"end":{"line":91,"column":null}},"33":{"start":{"line":94,"column":4},"end":{"line":117,"column":null}},"34":{"start":{"line":95,"column":34},"end":{"line":113,"column":null}},"35":{"start":{"line":115,"column":6},"end":{"line":115,"column":null}},"36":{"start":{"line":116,"column":6},"end":{"line":116,"column":null}},"37":{"start":{"line":119,"column":4},"end":{"line":119,"column":null}},"38":{"start":{"line":123,"column":19},"end":{"line":123,"column":null}},"39":{"start":{"line":124,"column":32},"end":{"line":124,"column":null}},"40":{"start":{"line":126,"column":4},"end":{"line":136,"column":null}},"41":{"start":{"line":127,"column":6},"end":{"line":132,"column":null}},"42":{"start":{"line":131,"column":8},"end":{"line":131,"column":null}},"43":{"start":{"line":133,"column":6},"end":{"line":135,"column":null}},"44":{"start":{"line":134,"column":8},"end":{"line":134,"column":null}},"45":{"start":{"line":138,"column":4},"end":{"line":140,"column":null}},"46":{"start":{"line":139,"column":6},"end":{"line":139,"column":null}},"47":{"start":{"line":144,"column":4},"end":{"line":144,"column":null}},"48":{"start":{"line":148,"column":35},"end":{"line":148,"column":null}},"49":{"start":{"line":149,"column":21},"end":{"line":149,"column":null}},"50":{"start":{"line":151,"column":4},"end":{"line":156,"column":null}},"51":{"start":{"line":152,"column":6},"end":{"line":155,"column":null}},"52":{"start":{"line":153,"column":8},"end":{"line":153,"column":null}},"53":{"start":{"line":154,"column":8},"end":{"line":154,"column":null}},"54":{"start":{"line":158,"column":4},"end":{"line":160,"column":null}},"55":{"start":{"line":159,"column":6},"end":{"line":159,"column":null}}},"fnMap":{"0":{"name":"generateAlertId","decl":{"start":{"line":14,"column":9},"end":{"line":14,"column":35}},"loc":{"start":{"line":14,"column":35},"end":{"line":17,"column":null}},"line":14},"1":{"name":"constructor","decl":{"start":{"line":32,"column":2},"end":{"line":32,"column":null}},"loc":{"start":{"line":38,"column":4},"end":{"line":45,"column":null}},"line":38},"2":{"name":"partitionCount","decl":{"start":{"line":47,"column":6},"end":{"line":47,"column":31}},"loc":{"start":{"line":47,"column":31},"end":{"line":49,"column":null}},"line":47},"3":{"name":"evaluate","decl":{"start":{"line":51,"column":2},"end":{"line":51,"column":11}},"loc":{"start":{"line":51,"column":50},"end":{"line":120,"column":null}},"line":51},"4":{"name":"evictExpired","decl":{"start":{"line":122,"column":2},"end":{"line":122,"column":15}},"loc":{"start":{"line":122,"column":34},"end":{"line":141,"column":null}},"line":122},"5":{"name":"reset","decl":{"start":{"line":143,"column":2},"end":{"line":143,"column":16}},"loc":{"start":{"line":143,"column":16},"end":{"line":145,"column":null}},"line":143},"6":{"name":"evictLeastRecentPartition","decl":{"start":{"line":147,"column":2},"end":{"line":147,"column":10}},"loc":{"start":{"line":147,"column":44},"end":{"line":161,"column":null}},"line":147}},"branchMap":{"0":{"loc":{"start":{"line":52,"column":4},"end":{"line":54,"column":null}},"type":"if","locations":[{"start":{"line":52,"column":4},"end":{"line":54,"column":null}},{"start":{},"end":{}}],"line":52},"1":{"loc":{"start":{"line":56,"column":4},"end":{"line":58,"column":null}},"type":"if","locations":[{"start":{"line":56,"column":4},"end":{"line":58,"column":null}},{"start":{},"end":{}}],"line":56},"2":{"loc":{"start":{"line":61,"column":4},"end":{"line":63,"column":null}},"type":"if","locations":[{"start":{"line":61,"column":4},"end":{"line":63,"column":null}},{"start":{},"end":{}}],"line":61},"3":{"loc":{"start":{"line":66,"column":4},"end":{"line":75,"column":null}},"type":"if","locations":[{"start":{"line":66,"column":4},"end":{"line":75,"column":null}},{"start":{},"end":{}}],"line":66},"4":{"loc":{"start":{"line":67,"column":6},"end":{"line":69,"column":null}},"type":"if","locations":[{"start":{"line":67,"column":6},"end":{"line":69,"column":null}},{"start":{},"end":{}}],"line":67},"5":{"loc":{"start":{"line":79,"column":4},"end":{"line":81,"column":null}},"type":"if","locations":[{"start":{"line":79,"column":4},"end":{"line":81,"column":null}},{"start":{},"end":{}}],"line":79},"6":{"loc":{"start":{"line":88,"column":6},"end":{"line":89,"column":null}},"type":"binary-expr","locations":[{"start":{"line":88,"column":6},"end":{"line":88,"column":null}},{"start":{"line":88,"column":23},"end":{"line":89,"column":null}}],"line":88},"7":{"loc":{"start":{"line":89,"column":7},"end":{"line":89,"column":43}},"type":"binary-expr","locations":[{"start":{"line":89,"column":7},"end":{"line":89,"column":38}},{"start":{"line":89,"column":38},"end":{"line":89,"column":43}}],"line":89},"8":{"loc":{"start":{"line":94,"column":4},"end":{"line":117,"column":null}},"type":"if","locations":[{"start":{"line":94,"column":4},"end":{"line":117,"column":null}},{"start":{},"end":{}}],"line":94},"9":{"loc":{"start":{"line":128,"column":8},"end":{"line":129,"column":null}},"type":"binary-expr","locations":[{"start":{"line":128,"column":8},"end":{"line":128,"column":null}},{"start":{"line":128,"column":25},"end":{"line":129,"column":null}}],"line":128},"10":{"loc":{"start":{"line":129,"column":9},"end":{"line":129,"column":45}},"type":"binary-expr","locations":[{"start":{"line":129,"column":9},"end":{"line":129,"column":40}},{"start":{"line":129,"column":40},"end":{"line":129,"column":45}}],"line":129},"11":{"loc":{"start":{"line":133,"column":6},"end":{"line":135,"column":null}},"type":"if","locations":[{"start":{"line":133,"column":6},"end":{"line":135,"column":null}},{"start":{},"end":{}}],"line":133},"12":{"loc":{"start":{"line":152,"column":6},"end":{"line":155,"column":null}},"type":"if","locations":[{"start":{"line":152,"column":6},"end":{"line":155,"column":null}},{"start":{},"end":{}}],"line":152},"13":{"loc":{"start":{"line":158,"column":4},"end":{"line":160,"column":null}},"type":"if","locations":[{"start":{"line":158,"column":4},"end":{"line":160,"column":null}},{"start":{},"end":{}}],"line":158}},"s":{"0":1,"1":1,"2":1,"3":1,"4":1,"5":1,"6":1,"7":1,"8":1,"9":1,"10":1,"11":0,"12":3,"13":0,"14":3,"15":0,"16":3,"17":3,"18":0,"19":3,"20":3,"21":1,"22":0,"23":1,"24":1,"25":3,"26":3,"27":0,"28":3,"29":3,"30":3,"31":3,"32":0,"33":3,"34":1,"35":1,"36":1,"37":2,"38":0,"39":0,"40":0,"41":0,"42":0,"43":0,"44":0,"45":0,"46":0,"47":0,"48":0,"49":0,"50":0,"51":0,"52":0,"53":0,"54":0,"55":0},"f":{"0":1,"1":1,"2":0,"3":3,"4":0,"5":0,"6":0},"b":{"0":[0,3],"1":[0,3],"2":[0,3],"3":[1,2],"4":[0,1],"5":[0,3],"6":[3,3],"7":[3,0],"8":[1,2],"9":[0,0],"10":[0,0],"11":[0,0],"12":[0,0],"13":[0,0]},"meta":{"lastBranch":14,"lastFunction":7,"lastStatement":56,"seen":{"s:10:23:10:Infinity":0,"s:11:34:11:Infinity":1,"s:13:19:13:Infinity":2,"f:14:9:14:35":0,"s:15:2:15:Infinity":3,"s:16:2:16:Infinity":4,"f:32:2:32:Infinity":1,"s:39:4:39:Infinity":5,"s:40:4:40:Infinity":6,"s:41:4:41:Infinity":7,"s:42:4:42:Infinity":8,"s:43:4:43:Infinity":9,"s:44:4:44:Infinity":10,"f:47:6:47:31":2,"s:48:4:48:Infinity":11,"f:51:2:51:11":3,"b:52:4:54:Infinity:undefined:undefined:undefined:undefined":0,"s:52:4:54:Infinity":12,"s:53:6:53:Infinity":13,"b:56:4:58:Infinity:undefined:undefined:undefined:undefined":1,"s:56:4:58:Infinity":14,"s:57:6:57:Infinity":15,"s:60:16:60:Infinity":16,"b:61:4:63:Infinity:undefined:undefined:undefined:undefined":2,"s:61:4:63:Infinity":17,"s:62:6:62:Infinity":18,"s:65:20:65:Infinity":19,"b:66:4:75:Infinity:undefined:undefined:undefined:undefined":3,"s:66:4:75:Infinity":20,"b:67:6:69:Infinity:undefined:undefined:undefined:undefined":4,"s:67:6:69:Infinity":21,"s:68:8:68:Infinity":22,"s:70:6:73:Infinity":23,"s:74:6:74:Infinity":24,"s:77:4:77:Infinity":25,"b:79:4:81:Infinity:undefined:undefined:undefined:undefined":5,"s:79:4:81:Infinity":26,"s:80:6:80:Infinity":27,"s:83:27:83:Infinity":28,"s:84:4:84:Infinity":29,"s:86:19:86:Infinity":30,"s:87:4:92:Infinity":31,"b:88:6:88:Infinity:88:23:89:Infinity":6,"b:89:7:89:38:89:38:89:43":7,"s:91:6:91:Infinity":32,"b:94:4:117:Infinity:undefined:undefined:undefined:undefined":8,"s:94:4:117:Infinity":33,"s:95:34:113:Infinity":34,"s:115:6:115:Infinity":35,"s:116:6:116:Infinity":36,"s:119:4:119:Infinity":37,"f:122:2:122:15":4,"s:123:19:123:Infinity":38,"s:124:32:124:Infinity":39,"s:126:4:136:Infinity":40,"s:127:6:132:Infinity":41,"b:128:8:128:Infinity:128:25:129:Infinity":9,"b:129:9:129:40:129:40:129:45":10,"s:131:8:131:Infinity":42,"b:133:6:135:Infinity:undefined:undefined:undefined:undefined":11,"s:133:6:135:Infinity":43,"s:134:8:134:Infinity":44,"s:138:4:140:Infinity":45,"s:139:6:139:Infinity":46,"f:143:2:143:16":5,"s:144:4:144:Infinity":47,"f:147:2:147:10":6,"s:148:35:148:Infinity":48,"s:149:21:149:Infinity":49,"s:151:4:156:Infinity":50,"b:152:6:155:Infinity:undefined:undefined:undefined:undefined":12,"s:152:6:155:Infinity":51,"s:153:8:153:Infinity":52,"s:154:8:154:Infinity":53,"b:158:4:160:Infinity:undefined:undefined:undefined:undefined":13,"s:158:4:160:Infinity":54,"s:159:6:159:Infinity":55},"fnNames":{}}}
,"/Users/o.datsiura/.gemini/antigravity-ide/scratch/siem-rule-engine/src/core/specifications/base-specification.ts": {"path":"/Users/o.datsiura/.gemini/antigravity-ide/scratch/siem-rule-engine/src/core/specifications/base-specification.ts","statementMap":{"0":{"start":{"line":5,"column":4},"end":{"line":5,"column":null}},"1":{"start":{"line":9,"column":4},"end":{"line":9,"column":null}},"2":{"start":{"line":13,"column":4},"end":{"line":13,"column":null}},"3":{"start":{"line":22,"column":4},"end":{"line":22,"column":null}},"4":{"start":{"line":23,"column":4},"end":{"line":23,"column":null}},"5":{"start":{"line":24,"column":4},"end":{"line":24,"column":null}},"6":{"start":{"line":28,"column":4},"end":{"line":30,"column":null}},"7":{"start":{"line":40,"column":4},"end":{"line":40,"column":null}},"8":{"start":{"line":41,"column":4},"end":{"line":41,"column":null}},"9":{"start":{"line":42,"column":4},"end":{"line":42,"column":null}},"10":{"start":{"line":46,"column":4},"end":{"line":48,"column":null}},"11":{"start":{"line":57,"column":4},"end":{"line":57,"column":null}},"12":{"start":{"line":58,"column":4},"end":{"line":58,"column":null}},"13":{"start":{"line":62,"column":4},"end":{"line":62,"column":null}},"14":{"start":{"line":68,"column":4},"end":{"line":68,"column":null}},"15":{"start":{"line":78,"column":4},"end":{"line":78,"column":null}},"16":{"start":{"line":79,"column":4},"end":{"line":79,"column":null}},"17":{"start":{"line":83,"column":4},"end":{"line":83,"column":null}},"18":{"start":{"line":94,"column":4},"end":{"line":94,"column":null}},"19":{"start":{"line":95,"column":4},"end":{"line":95,"column":null}},"20":{"start":{"line":96,"column":4},"end":{"line":96,"column":null}},"21":{"start":{"line":100,"column":4},"end":{"line":100,"column":null}},"22":{"start":{"line":100,"column":44},"end":{"line":100,"column":null}},"23":{"start":{"line":101,"column":4},"end":{"line":103,"column":null}}},"fnMap":{"0":{"name":"and","decl":{"start":{"line":4,"column":2},"end":{"line":4,"column":6}},"loc":{"start":{"line":4,"column":57},"end":{"line":6,"column":null}},"line":4},"1":{"name":"or","decl":{"start":{"line":8,"column":2},"end":{"line":8,"column":5}},"loc":{"start":{"line":8,"column":56},"end":{"line":10,"column":null}},"line":8},"2":{"name":"not","decl":{"start":{"line":12,"column":2},"end":{"line":12,"column":30}},"loc":{"start":{"line":12,"column":30},"end":{"line":14,"column":null}},"line":12},"3":{"name":"constructor","decl":{"start":{"line":21,"column":2},"end":{"line":21,"column":14}},"loc":{"start":{"line":21,"column":71},"end":{"line":25,"column":null}},"line":21},"4":{"name":"isSatisfiedBy","decl":{"start":{"line":27,"column":2},"end":{"line":27,"column":16}},"loc":{"start":{"line":27,"column":39},"end":{"line":32,"column":null}},"line":27},"5":{"name":"constructor_2","decl":{"start":{"line":39,"column":2},"end":{"line":39,"column":14}},"loc":{"start":{"line":39,"column":71},"end":{"line":43,"column":null}},"line":39},"6":{"name":"isSatisfiedBy_2","decl":{"start":{"line":45,"column":2},"end":{"line":45,"column":16}},"loc":{"start":{"line":45,"column":39},"end":{"line":50,"column":null}},"line":45},"7":{"name":"constructor_3","decl":{"start":{"line":56,"column":2},"end":{"line":56,"column":14}},"loc":{"start":{"line":56,"column":42},"end":{"line":59,"column":null}},"line":56},"8":{"name":"isSatisfiedBy_3","decl":{"start":{"line":61,"column":2},"end":{"line":61,"column":16}},"loc":{"start":{"line":61,"column":39},"end":{"line":63,"column":null}},"line":61},"9":{"name":"isSatisfiedBy_4","decl":{"start":{"line":67,"column":2},"end":{"line":67,"column":16}},"loc":{"start":{"line":67,"column":40},"end":{"line":69,"column":null}},"line":67},"10":{"name":"constructor_4","decl":{"start":{"line":77,"column":2},"end":{"line":77,"column":14}},"loc":{"start":{"line":77,"column":33},"end":{"line":80,"column":null}},"line":77},"11":{"name":"isSatisfiedBy_5","decl":{"start":{"line":82,"column":2},"end":{"line":82,"column":16}},"loc":{"start":{"line":82,"column":57},"end":{"line":84,"column":null}},"line":82},"12":{"name":"constructor_5","decl":{"start":{"line":93,"column":2},"end":{"line":93,"column":14}},"loc":{"start":{"line":93,"column":52},"end":{"line":97,"column":null}},"line":93},"13":{"name":"isSatisfiedBy_6","decl":{"start":{"line":99,"column":2},"end":{"line":99,"column":16}},"loc":{"start":{"line":99,"column":61},"end":{"line":105,"column":null}},"line":99}},"branchMap":{"0":{"loc":{"start":{"line":29,"column":6},"end":{"line":30,"column":null}},"type":"binary-expr","locations":[{"start":{"line":29,"column":6},"end":{"line":29,"column":null}},{"start":{"line":30,"column":6},"end":{"line":30,"column":null}}],"line":29},"1":{"loc":{"start":{"line":47,"column":6},"end":{"line":48,"column":null}},"type":"binary-expr","locations":[{"start":{"line":47,"column":6},"end":{"line":47,"column":null}},{"start":{"line":48,"column":6},"end":{"line":48,"column":null}}],"line":47},"2":{"loc":{"start":{"line":100,"column":4},"end":{"line":100,"column":null}},"type":"if","locations":[{"start":{"line":100,"column":4},"end":{"line":100,"column":null}},{"start":{},"end":{}}],"line":100},"3":{"loc":{"start":{"line":102,"column":6},"end":{"line":103,"column":null}},"type":"binary-expr","locations":[{"start":{"line":102,"column":6},"end":{"line":102,"column":null}},{"start":{"line":103,"column":6},"end":{"line":103,"column":null}}],"line":102}},"s":{"0":0,"1":0,"2":0,"3":0,"4":0,"5":0,"6":0,"7":0,"8":0,"9":0,"10":0,"11":0,"12":0,"13":0,"14":0,"15":1,"16":1,"17":3,"18":0,"19":0,"20":0,"21":0,"22":0,"23":0},"f":{"0":0,"1":0,"2":0,"3":0,"4":0,"5":0,"6":0,"7":0,"8":0,"9":0,"10":1,"11":3,"12":0,"13":0},"b":{"0":[0,0],"1":[0,0],"2":[0,0],"3":[0,0]},"meta":{"lastBranch":4,"lastFunction":14,"lastStatement":24,"seen":{"f:4:2:4:6":0,"s:5:4:5:Infinity":0,"f:8:2:8:5":1,"s:9:4:9:Infinity":1,"f:12:2:12:30":2,"s:13:4:13:Infinity":2,"f:21:2:21:14":3,"s:22:4:22:Infinity":3,"s:23:4:23:Infinity":4,"s:24:4:24:Infinity":5,"f:27:2:27:16":4,"s:28:4:30:Infinity":6,"b:29:6:29:Infinity:30:6:30:Infinity":0,"f:39:2:39:14":5,"s:40:4:40:Infinity":7,"s:41:4:41:Infinity":8,"s:42:4:42:Infinity":9,"f:45:2:45:16":6,"s:46:4:48:Infinity":10,"b:47:6:47:Infinity:48:6:48:Infinity":1,"f:56:2:56:14":7,"s:57:4:57:Infinity":11,"s:58:4:58:Infinity":12,"f:61:2:61:16":8,"s:62:4:62:Infinity":13,"f:67:2:67:16":9,"s:68:4:68:Infinity":14,"f:77:2:77:14":10,"s:78:4:78:Infinity":15,"s:79:4:79:Infinity":16,"f:82:2:82:16":11,"s:83:4:83:Infinity":17,"f:93:2:93:14":12,"s:94:4:94:Infinity":18,"s:95:4:95:Infinity":19,"s:96:4:96:Infinity":20,"f:99:2:99:16":13,"b:100:4:100:Infinity:undefined:undefined:undefined:undefined":2,"s:100:4:100:Infinity":21,"s:100:44:100:Infinity":22,"s:101:4:103:Infinity":23,"b:102:6:102:Infinity:103:6:103:Infinity":3},"fnNames":{}}}
}
